[3.380s] Invoking command in '/project/ai-drone-ws/src/ai_drone': PYTHONPATH=/project/ai-drone-ws/build/ai_drone/prefix_override:/usr/lib/python3/dist-packages/colcon_core/task/python/colcon_distutils_commands:/project/ai-drone-ws/install/ai_drone/lib/python3.8/site-packages:${PYTHONPATH} /usr/bin/python3 -W ignore:setup.py install is deprecated -W ignore:easy_install command is deprecated setup.py egg_info --egg-base ../../build/ai_drone build --build-base /project/ai-drone-ws/build/ai_drone/build install --record /project/ai-drone-ws/build/ai_drone/install.log --install-scripts $base/lib/ai_drone --single-version-externally-managed install_data
[4.282s] running egg_info
[4.285s] writing ../../build/ai_drone/ai_drone.egg-info/PKG-INFO
[4.287s] writing dependency_links to ../../build/ai_drone/ai_drone.egg-info/dependency_links.txt
[4.287s] writing entry points to ../../build/ai_drone/ai_drone.egg-info/entry_points.txt
[4.288s] writing top-level names to ../../build/ai_drone/ai_drone.egg-info/top_level.txt
[4.457s] reading manifest file '../../build/ai_drone/ai_drone.egg-info/SOURCES.txt'
[4.462s] writing manifest file '../../build/ai_drone/ai_drone.egg-info/SOURCES.txt'
[4.463s] running build
[4.463s] running build_py
[4.467s] copying ai_drone/flask_streamer.py -> /project/ai-drone-ws/build/ai_drone/build/lib/ai_drone
[4.467s] copying ai_drone/overlay_node.py -> /project/ai-drone-ws/build/ai_drone/build/lib/ai_drone
[4.471s] running install
[4.474s] running install_lib
[4.478s] copying /project/ai-drone-ws/build/ai_drone/build/lib/ai_drone/flask_streamer.py -> /project/ai-drone-ws/install/ai_drone/lib/python3.8/site-packages/ai_drone
[4.479s] copying /project/ai-drone-ws/build/ai_drone/build/lib/ai_drone/overlay_node.py -> /project/ai-drone-ws/install/ai_drone/lib/python3.8/site-packages/ai_drone
[4.483s] byte-compiling /project/ai-drone-ws/install/ai_drone/lib/python3.8/site-packages/ai_drone/flask_streamer.py to flask_streamer.cpython-38.pyc
[4.493s] byte-compiling /project/ai-drone-ws/install/ai_drone/lib/python3.8/site-packages/ai_drone/overlay_node.py to overlay_node.cpython-38.pyc
[4.501s] running install_data
[4.503s] running install_egg_info
[4.509s] removing '/project/ai-drone-ws/install/ai_drone/lib/python3.8/site-packages/ai_drone-0.1.0-py3.8.egg-info' (and everything under it)
[4.510s] Copying ../../build/ai_drone/ai_drone.egg-info to /project/ai-drone-ws/install/ai_drone/lib/python3.8/site-packages/ai_drone-0.1.0-py3.8.egg-info
[4.514s] running install_scripts
[4.580s] Installing flask_streamer script to /project/ai-drone-ws/install/ai_drone/lib/ai_drone
[4.581s] Installing overlay_node script to /project/ai-drone-ws/install/ai_drone/lib/ai_drone
[4.582s] Installing tracker_node script to /project/ai-drone-ws/install/ai_drone/lib/ai_drone
[4.582s] Installing video_acquire_ros2 script to /project/ai-drone-ws/install/ai_drone/lib/ai_drone
[4.583s] Installing yolo_trt_node script to /project/ai-drone-ws/install/ai_drone/lib/ai_drone
[4.584s] writing list of installed files to '/project/ai-drone-ws/build/ai_drone/install.log'
[4.681s] Invoked command in '/project/ai-drone-ws/src/ai_drone' returned '0': PYTHONPATH=/project/ai-drone-ws/build/ai_drone/prefix_override:/usr/lib/python3/dist-packages/colcon_core/task/python/colcon_distutils_commands:/project/ai-drone-ws/install/ai_drone/lib/python3.8/site-packages:${PYTHONPATH} /usr/bin/python3 -W ignore:setup.py install is deprecated -W ignore:easy_install command is deprecated setup.py egg_info --egg-base ../../build/ai_drone build --build-base /project/ai-drone-ws/build/ai_drone/build install --record /project/ai-drone-ws/build/ai_drone/install.log --install-scripts $base/lib/ai_drone --single-version-externally-managed install_data
