running egg_info
writing ../../build/ai_drone/ai_drone.egg-info/PKG-INFO
writing dependency_links to ../../build/ai_drone/ai_drone.egg-info/dependency_links.txt
writing entry points to ../../build/ai_drone/ai_drone.egg-info/entry_points.txt
writing top-level names to ../../build/ai_drone/ai_drone.egg-info/top_level.txt
reading manifest file '../../build/ai_drone/ai_drone.egg-info/SOURCES.txt'
writing manifest file '../../build/ai_drone/ai_drone.egg-info/SOURCES.txt'
running build
running build_py
copying ai_drone/process_perception.py -> /project/ai-drone-ws/build/ai_drone/build/lib/ai_drone
copying ai_drone/flask_streamer.py -> /project/ai-drone-ws/build/ai_drone/build/lib/ai_drone
copying ai_drone/telemetryDecoder.py -> /project/ai-drone-ws/build/ai_drone/build/lib/ai_drone
copying ai_drone/telemetry_acquire.py -> /project/ai-drone-ws/build/ai_drone/build/lib/ai_drone
copying ai_drone/utils/gst.py -> /project/ai-drone-ws/build/ai_drone/build/lib/ai_drone/utils
copying ai_drone/utils/trt_runner.py -> /project/ai-drone-ws/build/ai_drone/build/lib/ai_drone/utils
copying ai_drone/utils/yolo_post.py -> /project/ai-drone-ws/build/ai_drone/build/lib/ai_drone/utils
running install
running install_lib
copying /project/ai-drone-ws/build/ai_drone/build/lib/ai_drone/process_perception.py -> /project/ai-drone-ws/install/ai_drone/lib/python3.8/site-packages/ai_drone
copying /project/ai-drone-ws/build/ai_drone/build/lib/ai_drone/flask_streamer.py -> /project/ai-drone-ws/install/ai_drone/lib/python3.8/site-packages/ai_drone
copying /project/ai-drone-ws/build/ai_drone/build/lib/ai_drone/telemetryDecoder.py -> /project/ai-drone-ws/install/ai_drone/lib/python3.8/site-packages/ai_drone
copying /project/ai-drone-ws/build/ai_drone/build/lib/ai_drone/utils/gst.py -> /project/ai-drone-ws/install/ai_drone/lib/python3.8/site-packages/ai_drone/utils
copying /project/ai-drone-ws/build/ai_drone/build/lib/ai_drone/utils/trt_runner.py -> /project/ai-drone-ws/install/ai_drone/lib/python3.8/site-packages/ai_drone/utils
copying /project/ai-drone-ws/build/ai_drone/build/lib/ai_drone/utils/yolo_post.py -> /project/ai-drone-ws/install/ai_drone/lib/python3.8/site-packages/ai_drone/utils
copying /project/ai-drone-ws/build/ai_drone/build/lib/ai_drone/telemetry_acquire.py -> /project/ai-drone-ws/install/ai_drone/lib/python3.8/site-packages/ai_drone
byte-compiling /project/ai-drone-ws/install/ai_drone/lib/python3.8/site-packages/ai_drone/process_perception.py to process_perception.cpython-38.pyc
byte-compiling /project/ai-drone-ws/install/ai_drone/lib/python3.8/site-packages/ai_drone/flask_streamer.py to flask_streamer.cpython-38.pyc
byte-compiling /project/ai-drone-ws/install/ai_drone/lib/python3.8/site-packages/ai_drone/telemetryDecoder.py to telemetryDecoder.cpython-38.pyc
byte-compiling /project/ai-drone-ws/install/ai_drone/lib/python3.8/site-packages/ai_drone/utils/gst.py to gst.cpython-38.pyc
byte-compiling /project/ai-drone-ws/install/ai_drone/lib/python3.8/site-packages/ai_drone/utils/trt_runner.py to trt_runner.cpython-38.pyc
byte-compiling /project/ai-drone-ws/install/ai_drone/lib/python3.8/site-packages/ai_drone/utils/yolo_post.py to yolo_post.cpython-38.pyc
byte-compiling /project/ai-drone-ws/install/ai_drone/lib/python3.8/site-packages/ai_drone/telemetry_acquire.py to telemetry_acquire.cpython-38.pyc
running install_data
copying package.xml -> /project/ai-drone-ws/install/ai_drone/share/ai_drone
copying launch/bringup.launch.py -> /project/ai-drone-ws/install/ai_drone/share/ai_drone/launch
running install_egg_info
removing '/project/ai-drone-ws/install/ai_drone/lib/python3.8/site-packages/ai_drone-0.1.0-py3.8.egg-info' (and everything under it)
Copying ../../build/ai_drone/ai_drone.egg-info to /project/ai-drone-ws/install/ai_drone/lib/python3.8/site-packages/ai_drone-0.1.0-py3.8.egg-info
running install_scripts
Installing flask_streamer script to /project/ai-drone-ws/install/ai_drone/lib/ai_drone
Installing overlay_node script to /project/ai-drone-ws/install/ai_drone/lib/ai_drone
Installing process_perception script to /project/ai-drone-ws/install/ai_drone/lib/ai_drone
Installing telemetry_acquire script to /project/ai-drone-ws/install/ai_drone/lib/ai_drone
Installing tracker_node script to /project/ai-drone-ws/install/ai_drone/lib/ai_drone
Installing video_acquire_ros2 script to /project/ai-drone-ws/install/ai_drone/lib/ai_drone
Installing yolo_trt_node script to /project/ai-drone-ws/install/ai_drone/lib/ai_drone
writing list of installed files to '/project/ai-drone-ws/build/ai_drone/install.log'
