[3.267s] Invoking command in '/project/ai-drone-ws/src/ai_drone': PYTHONPATH=/project/ai-drone-ws/build/ai_drone/prefix_override:/usr/lib/python3/dist-packages/colcon_core/task/python/colcon_distutils_commands:/project/ai-drone-ws/install/ai_drone/lib/python3.8/site-packages:${PYTHONPATH} /usr/bin/python3 -W ignore:setup.py install is deprecated -W ignore:easy_install command is deprecated setup.py egg_info --egg-base ../../build/ai_drone build --build-base /project/ai-drone-ws/build/ai_drone/build install --record /project/ai-drone-ws/build/ai_drone/install.log --install-scripts $base/lib/ai_drone --single-version-externally-managed install_data
[4.169s] running egg_info
[4.171s] writing ../../build/ai_drone/ai_drone.egg-info/PKG-INFO
[4.172s] writing dependency_links to ../../build/ai_drone/ai_drone.egg-info/dependency_links.txt
[4.173s] writing entry points to ../../build/ai_drone/ai_drone.egg-info/entry_points.txt
[4.173s] writing top-level names to ../../build/ai_drone/ai_drone.egg-info/top_level.txt
[4.346s] reading manifest file '../../build/ai_drone/ai_drone.egg-info/SOURCES.txt'
[4.350s] writing manifest file '../../build/ai_drone/ai_drone.egg-info/SOURCES.txt'
[4.351s] running build
[4.352s] running build_py
[4.352s] copying ai_drone/process_perception.py -> /project/ai-drone-ws/build/ai_drone/build/lib/ai_drone
[4.353s] copying ai_drone/flask_streamer.py -> /project/ai-drone-ws/build/ai_drone/build/lib/ai_drone
[4.354s] copying ai_drone/telemetryDecoder.py -> /project/ai-drone-ws/build/ai_drone/build/lib/ai_drone
[4.355s] copying ai_drone/telemetry_acquire.py -> /project/ai-drone-ws/build/ai_drone/build/lib/ai_drone
[4.356s] copying ai_drone/utils/gst.py -> /project/ai-drone-ws/build/ai_drone/build/lib/ai_drone/utils
[4.356s] copying ai_drone/utils/trt_runner.py -> /project/ai-drone-ws/build/ai_drone/build/lib/ai_drone/utils
[4.357s] copying ai_drone/utils/yolo_post.py -> /project/ai-drone-ws/build/ai_drone/build/lib/ai_drone/utils
[4.359s] running install
[4.361s] running install_lib
[4.365s] copying /project/ai-drone-ws/build/ai_drone/build/lib/ai_drone/process_perception.py -> /project/ai-drone-ws/install/ai_drone/lib/python3.8/site-packages/ai_drone
[4.366s] copying /project/ai-drone-ws/build/ai_drone/build/lib/ai_drone/flask_streamer.py -> /project/ai-drone-ws/install/ai_drone/lib/python3.8/site-packages/ai_drone
[4.367s] copying /project/ai-drone-ws/build/ai_drone/build/lib/ai_drone/telemetryDecoder.py -> /project/ai-drone-ws/install/ai_drone/lib/python3.8/site-packages/ai_drone
[4.367s] copying /project/ai-drone-ws/build/ai_drone/build/lib/ai_drone/utils/gst.py -> /project/ai-drone-ws/install/ai_drone/lib/python3.8/site-packages/ai_drone/utils
[4.368s] copying /project/ai-drone-ws/build/ai_drone/build/lib/ai_drone/utils/trt_runner.py -> /project/ai-drone-ws/install/ai_drone/lib/python3.8/site-packages/ai_drone/utils
[4.368s] copying /project/ai-drone-ws/build/ai_drone/build/lib/ai_drone/utils/yolo_post.py -> /project/ai-drone-ws/install/ai_drone/lib/python3.8/site-packages/ai_drone/utils
[4.369s] copying /project/ai-drone-ws/build/ai_drone/build/lib/ai_drone/telemetry_acquire.py -> /project/ai-drone-ws/install/ai_drone/lib/python3.8/site-packages/ai_drone
[4.371s] byte-compiling /project/ai-drone-ws/install/ai_drone/lib/python3.8/site-packages/ai_drone/process_perception.py to process_perception.cpython-38.pyc
[4.382s] byte-compiling /project/ai-drone-ws/install/ai_drone/lib/python3.8/site-packages/ai_drone/flask_streamer.py to flask_streamer.cpython-38.pyc
[4.387s] byte-compiling /project/ai-drone-ws/install/ai_drone/lib/python3.8/site-packages/ai_drone/telemetryDecoder.py to telemetryDecoder.cpython-38.pyc
[4.390s] byte-compiling /project/ai-drone-ws/install/ai_drone/lib/python3.8/site-packages/ai_drone/utils/gst.py to gst.cpython-38.pyc
[4.392s] byte-compiling /project/ai-drone-ws/install/ai_drone/lib/python3.8/site-packages/ai_drone/utils/trt_runner.py to trt_runner.cpython-38.pyc
[4.395s] byte-compiling /project/ai-drone-ws/install/ai_drone/lib/python3.8/site-packages/ai_drone/utils/yolo_post.py to yolo_post.cpython-38.pyc
[4.398s] byte-compiling /project/ai-drone-ws/install/ai_drone/lib/python3.8/site-packages/ai_drone/telemetry_acquire.py to telemetry_acquire.cpython-38.pyc
[4.401s] running install_data
[4.401s] copying package.xml -> /project/ai-drone-ws/install/ai_drone/share/ai_drone
[4.402s] copying launch/bringup.launch.py -> /project/ai-drone-ws/install/ai_drone/share/ai_drone/launch
[4.402s] running install_egg_info
[4.408s] removing '/project/ai-drone-ws/install/ai_drone/lib/python3.8/site-packages/ai_drone-0.1.0-py3.8.egg-info' (and everything under it)
[4.409s] Copying ../../build/ai_drone/ai_drone.egg-info to /project/ai-drone-ws/install/ai_drone/lib/python3.8/site-packages/ai_drone-0.1.0-py3.8.egg-info
[4.412s] running install_scripts
[4.478s] Installing flask_streamer script to /project/ai-drone-ws/install/ai_drone/lib/ai_drone
[4.479s] Installing overlay_node script to /project/ai-drone-ws/install/ai_drone/lib/ai_drone
[4.480s] Installing process_perception script to /project/ai-drone-ws/install/ai_drone/lib/ai_drone
[4.480s] Installing telemetry_acquire script to /project/ai-drone-ws/install/ai_drone/lib/ai_drone
[4.481s] Installing tracker_node script to /project/ai-drone-ws/install/ai_drone/lib/ai_drone
[4.481s] Installing video_acquire_ros2 script to /project/ai-drone-ws/install/ai_drone/lib/ai_drone
[4.482s] Installing yolo_trt_node script to /project/ai-drone-ws/install/ai_drone/lib/ai_drone
[4.484s] writing list of installed files to '/project/ai-drone-ws/build/ai_drone/install.log'
[4.581s] Invoked command in '/project/ai-drone-ws/src/ai_drone' returned '0': PYTHONPATH=/project/ai-drone-ws/build/ai_drone/prefix_override:/usr/lib/python3/dist-packages/colcon_core/task/python/colcon_distutils_commands:/project/ai-drone-ws/install/ai_drone/lib/python3.8/site-packages:${PYTHONPATH} /usr/bin/python3 -W ignore:setup.py install is deprecated -W ignore:easy_install command is deprecated setup.py egg_info --egg-base ../../build/ai_drone build --build-base /project/ai-drone-ws/build/ai_drone/build install --record /project/ai-drone-ws/build/ai_drone/install.log --install-scripts $base/lib/ai_drone --single-version-externally-managed install_data
