[3.007s] [34mcolcon[0m [1;30mDEBUG[0m [32mCommand line arguments: ['/usr/bin/colcon', 'build', '--symlink-install'][0m
[3.007s] [34mcolcon[0m [1;30mDEBUG[0m [32mParsed command line arguments: Namespace(allow_overriding=[], ament_cmake_args=None, base_paths=['.'], build_base='build', catkin_cmake_args=None, catkin_skip_building_tests=False, cmake_args=None, cmake_clean_cache=False, cmake_clean_first=False, cmake_force_configure=False, cmake_target=None, cmake_target_skip_unavailable=False, continue_on_error=False, event_handlers=None, executor='parallel', ignore_user_meta=False, install_base='install', log_base=None, log_level=None, main=<bound method BuildVerb.main of <colcon_core.verb.build.BuildVerb object at 0x7f9a13a430>>, merge_install=False, metas=['./colcon.meta'], packages_above=None, packages_above_and_dependencies=None, packages_above_depth=None, packages_end=None, packages_ignore=None, packages_ignore_regex=None, packages_select=None, packages_select_build_failed=False, packages_select_by_dep=None, packages_select_regex=None, packages_select_test_failures=False, packages_skip=None, packages_skip_build_finished=False, packages_skip_by_dep=None, packages_skip_regex=None, packages_skip_test_passed=False, packages_skip_up_to=None, packages_start=None, packages_up_to=None, packages_up_to_regex=None, parallel_workers=4, paths=None, symlink_install=True, test_result_base=None, verb_extension=<colcon_core.verb.build.BuildVerb object at 0x7f9a13a430>, verb_name='build', verb_parser=<colcon_defaults.argument_parser.defaults.DefaultArgumentsDecorator object at 0x7f9a00dca0>)[0m
[3.867s] [34mcolcon.colcon_core.package_discovery[0m [1;30mLevel 1[0m discover_packages(colcon_meta) check parameters
[3.868s] [34mcolcon.colcon_core.package_discovery[0m [1;30mLevel 1[0m discover_packages(recursive) check parameters
[3.868s] [34mcolcon.colcon_core.package_discovery[0m [1;30mLevel 1[0m discover_packages(ignore) check parameters
[3.868s] [34mcolcon.colcon_core.package_discovery[0m [1;30mLevel 1[0m discover_packages(path) check parameters
[3.868s] [34mcolcon.colcon_core.package_discovery[0m [1;30mLevel 1[0m discover_packages(colcon_meta) discover
[3.869s] [34mcolcon.colcon_core.package_discovery[0m [1;30mLevel 1[0m discover_packages(recursive) discover
[3.869s] [34mcolcon.colcon_core.package_discovery[0m [1;30mINFO[0m Crawling recursively for packages in '/project/ai-drone-ws'
[3.869s] [34mcolcon.colcon_core.package_identification[0m [1;30mLevel 1[0m _identify(.) by extensions ['ignore', 'ignore_ament_install']
[3.870s] [34mcolcon.colcon_core.package_identification[0m [1;30mLevel 1[0m _identify(.) by extension 'ignore'
[3.870s] [34mcolcon.colcon_core.package_identification[0m [1;30mLevel 1[0m _identify(.) by extension 'ignore_ament_install'
[3.870s] [34mcolcon.colcon_core.package_identification[0m [1;30mLevel 1[0m _identify(.) by extensions ['colcon_pkg']
[3.870s] [34mcolcon.colcon_core.package_identification[0m [1;30mLevel 1[0m _identify(.) by extension 'colcon_pkg'
[3.871s] [34mcolcon.colcon_core.package_identification[0m [1;30mLevel 1[0m _identify(.) by extensions ['colcon_meta']
[3.871s] [34mcolcon.colcon_core.package_identification[0m [1;30mLevel 1[0m _identify(.) by extension 'colcon_meta'
[3.871s] [34mcolcon.colcon_core.package_identification[0m [1;30mLevel 1[0m _identify(.) by extensions ['ros']
[3.871s] [34mcolcon.colcon_core.package_identification[0m [1;30mLevel 1[0m _identify(.) by extension 'ros'
[4.010s] [34mcolcon.colcon_core.package_identification[0m [1;30mLevel 1[0m _identify(.) by extensions ['cmake', 'python']
[4.010s] [34mcolcon.colcon_core.package_identification[0m [1;30mLevel 1[0m _identify(.) by extension 'cmake'
[4.010s] [34mcolcon.colcon_core.package_identification[0m [1;30mLevel 1[0m _identify(.) by extension 'python'
[4.011s] [34mcolcon.colcon_core.package_identification[0m [1;30mLevel 1[0m _identify(.) by extensions ['python_setup_py']
[4.011s] [34mcolcon.colcon_core.package_identification[0m [1;30mLevel 1[0m _identify(.) by extension 'python_setup_py'
[4.011s] [34mcolcon.colcon_core.package_identification[0m [1;30mLevel 1[0m _identify(build) by extensions ['ignore', 'ignore_ament_install']
[4.012s] [34mcolcon.colcon_core.package_identification[0m [1;30mLevel 1[0m _identify(build) by extension 'ignore'
[4.012s] [34mcolcon.colcon_core.package_identification[0m [1;30mLevel 1[0m _identify(build) ignored
[4.012s] [34mcolcon.colcon_core.package_identification[0m [1;30mLevel 1[0m _identify(install) by extensions ['ignore', 'ignore_ament_install']
[4.013s] [34mcolcon.colcon_core.package_identification[0m [1;30mLevel 1[0m _identify(install) by extension 'ignore'
[4.013s] [34mcolcon.colcon_core.package_identification[0m [1;30mLevel 1[0m _identify(install) ignored
[4.013s] [34mcolcon.colcon_core.package_identification[0m [1;30mLevel 1[0m _identify(log) by extensions ['ignore', 'ignore_ament_install']
[4.014s] [34mcolcon.colcon_core.package_identification[0m [1;30mLevel 1[0m _identify(log) by extension 'ignore'
[4.014s] [34mcolcon.colcon_core.package_identification[0m [1;30mLevel 1[0m _identify(log) ignored
[4.014s] [34mcolcon.colcon_core.package_identification[0m [1;30mLevel 1[0m _identify(src) by extensions ['ignore', 'ignore_ament_install']
[4.015s] [34mcolcon.colcon_core.package_identification[0m [1;30mLevel 1[0m _identify(src) by extension 'ignore'
[4.015s] [34mcolcon.colcon_core.package_identification[0m [1;30mLevel 1[0m _identify(src) by extension 'ignore_ament_install'
[4.015s] [34mcolcon.colcon_core.package_identification[0m [1;30mLevel 1[0m _identify(src) by extensions ['colcon_pkg']
[4.015s] [34mcolcon.colcon_core.package_identification[0m [1;30mLevel 1[0m _identify(src) by extension 'colcon_pkg'
[4.015s] [34mcolcon.colcon_core.package_identification[0m [1;30mLevel 1[0m _identify(src) by extensions ['colcon_meta']
[4.016s] [34mcolcon.colcon_core.package_identification[0m [1;30mLevel 1[0m _identify(src) by extension 'colcon_meta'
[4.016s] [34mcolcon.colcon_core.package_identification[0m [1;30mLevel 1[0m _identify(src) by extensions ['ros']
[4.016s] [34mcolcon.colcon_core.package_identification[0m [1;30mLevel 1[0m _identify(src) by extension 'ros'
[4.016s] [34mcolcon.colcon_core.package_identification[0m [1;30mLevel 1[0m _identify(src) by extensions ['cmake', 'python']
[4.016s] [34mcolcon.colcon_core.package_identification[0m [1;30mLevel 1[0m _identify(src) by extension 'cmake'
[4.017s] [34mcolcon.colcon_core.package_identification[0m [1;30mLevel 1[0m _identify(src) by extension 'python'
[4.017s] [34mcolcon.colcon_core.package_identification[0m [1;30mLevel 1[0m _identify(src) by extensions ['python_setup_py']
[4.017s] [34mcolcon.colcon_core.package_identification[0m [1;30mLevel 1[0m _identify(src) by extension 'python_setup_py'
[4.017s] [34mcolcon.colcon_core.package_identification[0m [1;30mLevel 1[0m _identify(src/ai_drone) by extensions ['ignore', 'ignore_ament_install']
[4.018s] [34mcolcon.colcon_core.package_identification[0m [1;30mLevel 1[0m _identify(src/ai_drone) by extension 'ignore'
[4.018s] [34mcolcon.colcon_core.package_identification[0m [1;30mLevel 1[0m _identify(src/ai_drone) by extension 'ignore_ament_install'
[4.018s] [34mcolcon.colcon_core.package_identification[0m [1;30mLevel 1[0m _identify(src/ai_drone) by extensions ['colcon_pkg']
[4.018s] [34mcolcon.colcon_core.package_identification[0m [1;30mLevel 1[0m _identify(src/ai_drone) by extension 'colcon_pkg'
[4.019s] [34mcolcon.colcon_core.package_identification[0m [1;30mLevel 1[0m _identify(src/ai_drone) by extensions ['colcon_meta']
[4.019s] [34mcolcon.colcon_core.package_identification[0m [1;30mLevel 1[0m _identify(src/ai_drone) by extension 'colcon_meta'
[4.019s] [34mcolcon.colcon_core.package_identification[0m [1;30mLevel 1[0m _identify(src/ai_drone) by extensions ['ros']
[4.019s] [34mcolcon.colcon_core.package_identification[0m [1;30mLevel 1[0m _identify(src/ai_drone) by extension 'ros'
[4.039s] [34mcolcon.colcon_core.package_identification[0m [1;30mDEBUG[0m [32mPackage 'src/ai_drone' with type 'ros.ament_python' and name 'ai_drone'[0m
[4.048s] [34mcolcon.colcon_core.package_identification[0m [1;30mLevel 1[0m _identify(src/build) by extensions ['ignore', 'ignore_ament_install']
[4.049s] [34mcolcon.colcon_core.package_identification[0m [1;30mLevel 1[0m _identify(src/build) by extension 'ignore'
[4.049s] [34mcolcon.colcon_core.package_identification[0m [1;30mLevel 1[0m _identify(src/build) ignored
[4.050s] [34mcolcon.colcon_core.package_identification[0m [1;30mLevel 1[0m _identify(src/install) by extensions ['ignore', 'ignore_ament_install']
[4.050s] [34mcolcon.colcon_core.package_identification[0m [1;30mLevel 1[0m _identify(src/install) by extension 'ignore'
[4.050s] [34mcolcon.colcon_core.package_identification[0m [1;30mLevel 1[0m _identify(src/install) ignored
[4.051s] [34mcolcon.colcon_core.package_identification[0m [1;30mLevel 1[0m _identify(src/log) by extensions ['ignore', 'ignore_ament_install']
[4.052s] [34mcolcon.colcon_core.package_identification[0m [1;30mLevel 1[0m _identify(src/log) by extension 'ignore'
[4.052s] [34mcolcon.colcon_core.package_identification[0m [1;30mLevel 1[0m _identify(src/log) ignored
[4.052s] [34mcolcon.colcon_core.package_discovery[0m [1;30mLevel 1[0m discover_packages(recursive) using defaults
[4.052s] [34mcolcon.colcon_core.package_discovery[0m [1;30mLevel 1[0m discover_packages(ignore) discover
[4.052s] [34mcolcon.colcon_core.package_discovery[0m [1;30mLevel 1[0m discover_packages(ignore) using defaults
[4.053s] [34mcolcon.colcon_core.package_discovery[0m [1;30mLevel 1[0m discover_packages(path) discover
[4.053s] [34mcolcon.colcon_core.package_discovery[0m [1;30mLevel 1[0m discover_packages(path) using defaults
[4.201s] [34mcolcon.colcon_core.package_discovery[0m [1;30mLevel 1[0m discover_packages(prefix_path) check parameters
[4.201s] [34mcolcon.colcon_core.package_discovery[0m [1;30mLevel 1[0m discover_packages(prefix_path) discover
[4.217s] [34mcolcon.colcon_installed_package_information.package_discovery[0m [1;30mDEBUG[0m [32mFound 257 installed packages in /opt/ros/foxy[0m
[4.225s] [34mcolcon.colcon_core.package_discovery[0m [1;30mLevel 1[0m discover_packages(prefix_path) using defaults
[4.564s] [34mcolcon.colcon_core.verb[0m [1;30mLevel 5[0m set package 'ai_drone' build argument 'cmake_args' from command line to 'None'
[4.565s] [34mcolcon.colcon_core.verb[0m [1;30mLevel 5[0m set package 'ai_drone' build argument 'cmake_target' from command line to 'None'
[4.565s] [34mcolcon.colcon_core.verb[0m [1;30mLevel 5[0m set package 'ai_drone' build argument 'cmake_target_skip_unavailable' from command line to 'False'
[4.565s] [34mcolcon.colcon_core.verb[0m [1;30mLevel 5[0m set package 'ai_drone' build argument 'cmake_clean_cache' from command line to 'False'
[4.565s] [34mcolcon.colcon_core.verb[0m [1;30mLevel 5[0m set package 'ai_drone' build argument 'cmake_clean_first' from command line to 'False'
[4.565s] [34mcolcon.colcon_core.verb[0m [1;30mLevel 5[0m set package 'ai_drone' build argument 'cmake_force_configure' from command line to 'False'
[4.565s] [34mcolcon.colcon_core.verb[0m [1;30mLevel 5[0m set package 'ai_drone' build argument 'ament_cmake_args' from command line to 'None'
[4.565s] [34mcolcon.colcon_core.verb[0m [1;30mLevel 5[0m set package 'ai_drone' build argument 'catkin_cmake_args' from command line to 'None'
[4.565s] [34mcolcon.colcon_core.verb[0m [1;30mLevel 5[0m set package 'ai_drone' build argument 'catkin_skip_building_tests' from command line to 'False'
[4.566s] [34mcolcon.colcon_core.verb[0m [1;30mDEBUG[0m [32mBuilding package 'ai_drone' with the following arguments: {'ament_cmake_args': None, 'build_base': '/project/ai-drone-ws/build/ai_drone', 'catkin_cmake_args': None, 'catkin_skip_building_tests': False, 'cmake_args': None, 'cmake_clean_cache': False, 'cmake_clean_first': False, 'cmake_force_configure': False, 'cmake_target': None, 'cmake_target_skip_unavailable': False, 'install_base': '/project/ai-drone-ws/install/ai_drone', 'merge_install': False, 'path': '/project/ai-drone-ws/src/ai_drone', 'symlink_install': True, 'test_result_base': None}[0m
[4.566s] [34mcolcon.colcon_core.executor[0m [1;30mINFO[0m Executing jobs using 'parallel' executor
[4.569s] [34mcolcon.colcon_parallel_executor.executor.parallel[0m [1;30mDEBUG[0m [32mrun_until_complete[0m
[4.570s] [34mcolcon.colcon_ros.task.ament_python.build[0m [1;30mINFO[0m Building ROS package in '/project/ai-drone-ws/src/ai_drone' with build type 'ament_python'
[4.571s] [34mcolcon.colcon_core.shell[0m [1;30mLevel 1[0m create_environment_hook('ai_drone', 'ament_prefix_path')
[4.591s] [34mcolcon.colcon_core.plugin_system[0m [1;30mINFO[0m Skipping extension 'colcon_core.shell.bat': Not used on non-Windows systems
[4.592s] [34mcolcon.colcon_core.shell[0m [1;30mINFO[0m Creating environment hook '/project/ai-drone-ws/install/ai_drone/share/ai_drone/hook/ament_prefix_path.ps1'
[4.597s] [34mcolcon.colcon_core.shell[0m [1;30mINFO[0m Creating environment descriptor '/project/ai-drone-ws/install/ai_drone/share/ai_drone/hook/ament_prefix_path.dsv'
[4.603s] [34mcolcon.colcon_core.shell[0m [1;30mINFO[0m Creating environment hook '/project/ai-drone-ws/install/ai_drone/share/ai_drone/hook/ament_prefix_path.sh'
[4.607s] [34mcolcon.colcon_core.shell[0m [1;30mINFO[0m Skip shell extension 'powershell' for command environment: Not usable outside of PowerShell
[4.608s] [34mcolcon.colcon_core.shell[0m [1;30mDEBUG[0m [32mSkip shell extension 'dsv' for command environment[0m
[5.632s] [34mcolcon.colcon_core.task.python.build[0m [1;30mINFO[0m Building Python package in '/project/ai-drone-ws/src/ai_drone'
[5.634s] [34mcolcon.colcon_core.shell[0m [1;30mINFO[0m Skip shell extension 'powershell' for command environment: Not usable outside of PowerShell
[5.634s] [34mcolcon.colcon_core.shell[0m [1;30mDEBUG[0m [32mSkip shell extension 'dsv' for command environment[0m
[7.651s] [34mcolcon.colcon_core.task.python.build[0m [1;30mDEBUG[0m [32mWhile undoing a previous installation files outside the Python library path are being ignored: /project/ai-drone-ws/install/ai_drone/share/ament_index/resource_index/packages/ai_drone[0m
[7.651s] [34mcolcon.colcon_core.task.python.build[0m [1;30mDEBUG[0m [32mWhile undoing a previous installation files outside the Python library path are being ignored: /project/ai-drone-ws/install/ai_drone/share/ai_drone/package.xml[0m
[7.652s] [34mcolcon.colcon_core.task.python.build[0m [1;30mDEBUG[0m [32mWhile undoing a previous installation files outside the Python library path are being ignored: /project/ai-drone-ws/install/ai_drone/share/ai_drone/launch/bringup.launch.py[0m
[7.652s] [34mcolcon.colcon_core.task.python.build[0m [1;30mDEBUG[0m [32mWhile undoing a previous installation files outside the Python library path are being ignored: /project/ai-drone-ws/install/ai_drone/share/ai_drone/.env[0m
[7.653s] [34mcolcon.colcon_core.task.python.build[0m [1;30mDEBUG[0m [32mWhile undoing a previous installation files outside the Python library path are being ignored: /project/ai-drone-ws/install/ai_drone/share/ai_drone/models[0m
[7.654s] [34mcolcon.colcon_core.task.python.build[0m [1;30mDEBUG[0m [32mWhile undoing a previous installation files outside the Python library path are being ignored: /project/ai-drone-ws/install/ai_drone/lib/ai_drone/flask_streamer[0m
[7.654s] [34mcolcon.colcon_core.task.python.build[0m [1;30mDEBUG[0m [32mWhile undoing a previous installation files outside the Python library path are being ignored: /project/ai-drone-ws/install/ai_drone/lib/ai_drone/overlay_node[0m
[7.654s] [34mcolcon.colcon_core.task.python.build[0m [1;30mDEBUG[0m [32mWhile undoing a previous installation files outside the Python library path are being ignored: /project/ai-drone-ws/install/ai_drone/lib/ai_drone/process_perception[0m
[7.655s] [34mcolcon.colcon_core.task.python.build[0m [1;30mDEBUG[0m [32mWhile undoing a previous installation files outside the Python library path are being ignored: /project/ai-drone-ws/install/ai_drone/lib/ai_drone/telemetry_acquire[0m
[7.655s] [34mcolcon.colcon_core.task.python.build[0m [1;30mDEBUG[0m [32mWhile undoing a previous installation files outside the Python library path are being ignored: /project/ai-drone-ws/install/ai_drone/lib/ai_drone/tracker_node[0m
[7.655s] [34mcolcon.colcon_core.task.python.build[0m [1;30mDEBUG[0m [32mWhile undoing a previous installation files outside the Python library path are being ignored: /project/ai-drone-ws/install/ai_drone/lib/ai_drone/video_acquire_ros2[0m
[7.655s] [34mcolcon.colcon_core.task.python.build[0m [1;30mDEBUG[0m [32mWhile undoing a previous installation files outside the Python library path are being ignored: /project/ai-drone-ws/install/ai_drone/lib/ai_drone/yolo_trt_node[0m
[7.662s] [34mcolcon.colcon_core.event_handler.log_command[0m [1;30mDEBUG[0m [32mInvoking command in '/project/ai-drone-ws/build/ai_drone': PYTHONPATH=/project/ai-drone-ws/build/ai_drone/prefix_override:/usr/lib/python3/dist-packages/colcon_core/task/python/colcon_distutils_commands:/project/ai-drone-ws/install/ai_drone/lib/python3.8/site-packages:${PYTHONPATH} /usr/bin/python3 -W ignore:setup.py install is deprecated -W ignore:easy_install command is deprecated setup.py develop --editable --build-directory /project/ai-drone-ws/build/ai_drone/build --no-deps symlink_data --force[0m
[9.682s] [34mcolcon.colcon_core.shell[0m [1;30mLevel 1[0m create_environment_hook('ai_drone', 'pythonpath_develop')
[9.683s] [34mcolcon.colcon_core.shell[0m [1;30mINFO[0m Creating environment hook '/project/ai-drone-ws/build/ai_drone/share/ai_drone/hook/pythonpath_develop.ps1'
[9.685s] [34mcolcon.colcon_core.event_handler.log_command[0m [1;30mDEBUG[0m [32mInvoked command in '/project/ai-drone-ws/build/ai_drone' returned '0': PYTHONPATH=/project/ai-drone-ws/build/ai_drone/prefix_override:/usr/lib/python3/dist-packages/colcon_core/task/python/colcon_distutils_commands:/project/ai-drone-ws/install/ai_drone/lib/python3.8/site-packages:${PYTHONPATH} /usr/bin/python3 -W ignore:setup.py install is deprecated -W ignore:easy_install command is deprecated setup.py develop --editable --build-directory /project/ai-drone-ws/build/ai_drone/build --no-deps symlink_data --force[0m
[9.690s] [34mcolcon.colcon_core.shell[0m [1;30mINFO[0m Creating environment descriptor '/project/ai-drone-ws/build/ai_drone/share/ai_drone/hook/pythonpath_develop.dsv'
[9.692s] [34mcolcon.colcon_core.shell[0m [1;30mINFO[0m Creating environment hook '/project/ai-drone-ws/build/ai_drone/share/ai_drone/hook/pythonpath_develop.sh'
[9.719s] [34mcolcon.colcon_core.environment[0m [1;30mLevel 1[0m checking '/project/ai-drone-ws/install/ai_drone' for CMake module files
[9.722s] [34mcolcon.colcon_core.environment[0m [1;30mLevel 1[0m checking '/project/ai-drone-ws/install/ai_drone' for CMake config files
[9.728s] [34mcolcon.colcon_core.environment[0m [1;30mLevel 1[0m checking '/project/ai-drone-ws/install/ai_drone/lib'
[9.729s] [34mcolcon.colcon_core.environment[0m [1;30mLevel 1[0m checking '/project/ai-drone-ws/install/ai_drone/bin'
[9.729s] [34mcolcon.colcon_core.environment[0m [1;30mLevel 1[0m checking '/project/ai-drone-ws/install/ai_drone/lib/pkgconfig/ai_drone.pc'
[9.730s] [34mcolcon.colcon_core.environment[0m [1;30mLevel 1[0m checking '/project/ai-drone-ws/install/ai_drone/lib/python3.8/site-packages'
[9.730s] [34mcolcon.colcon_core.shell[0m [1;30mLevel 1[0m create_environment_hook('ai_drone', 'pythonpath')
[9.731s] [34mcolcon.colcon_core.shell[0m [1;30mINFO[0m Creating environment hook '/project/ai-drone-ws/install/ai_drone/share/ai_drone/hook/pythonpath.ps1'
[9.733s] [34mcolcon.colcon_core.shell[0m [1;30mINFO[0m Creating environment descriptor '/project/ai-drone-ws/install/ai_drone/share/ai_drone/hook/pythonpath.dsv'
[9.734s] [34mcolcon.colcon_core.shell[0m [1;30mINFO[0m Creating environment hook '/project/ai-drone-ws/install/ai_drone/share/ai_drone/hook/pythonpath.sh'
[9.736s] [34mcolcon.colcon_core.environment[0m [1;30mLevel 1[0m checking '/project/ai-drone-ws/install/ai_drone/bin'
[9.736s] [34mcolcon.colcon_core.environment[0m [1;30mLevel 1[0m create_environment_scripts_only(ai_drone)
[9.738s] [34mcolcon.colcon_core.shell[0m [1;30mINFO[0m Creating package script '/project/ai-drone-ws/install/ai_drone/share/ai_drone/package.ps1'
[9.743s] [34mcolcon.colcon_core.shell[0m [1;30mINFO[0m Creating package descriptor '/project/ai-drone-ws/install/ai_drone/share/ai_drone/package.dsv'
[9.747s] [34mcolcon.colcon_core.shell[0m [1;30mINFO[0m Creating package script '/project/ai-drone-ws/install/ai_drone/share/ai_drone/package.sh'
[9.752s] [34mcolcon.colcon_core.shell[0m [1;30mINFO[0m Creating package script '/project/ai-drone-ws/install/ai_drone/share/ai_drone/package.bash'
[9.757s] [34mcolcon.colcon_core.shell[0m [1;30mINFO[0m Creating package script '/project/ai-drone-ws/install/ai_drone/share/ai_drone/package.zsh'
[9.762s] [34mcolcon.colcon_core.environment[0m [1;30mLevel 1[0m create_file_with_runtime_dependencies(/project/ai-drone-ws/install/ai_drone/share/colcon-core/packages/ai_drone)
[9.763s] [34mcolcon.colcon_parallel_executor.executor.parallel[0m [1;30mDEBUG[0m [32mclosing loop[0m
[9.764s] [34mcolcon.colcon_parallel_executor.executor.parallel[0m [1;30mDEBUG[0m [32mloop closed[0m
[9.765s] [34mcolcon.colcon_parallel_executor.executor.parallel[0m [1;30mDEBUG[0m [32mrun_until_complete finished with '0'[0m
[9.765s] [34mcolcon.colcon_core.event_reactor[0m [1;30mDEBUG[0m [32mjoining thread[0m
[9.962s] [34mcolcon.colcon_core.plugin_system[0m [1;30mINFO[0m Skipping extension 'colcon_notification.desktop_notification.notify_send': Could not find 'notify-send'
[9.963s] [34mcolcon.colcon_core.plugin_system[0m [1;30mINFO[0m Skipping extension 'colcon_notification.desktop_notification.terminal_notifier': Not used on non-Darwin systems
[9.964s] [34mcolcon.colcon_core.plugin_system[0m [1;30mINFO[0m Skipping extension 'colcon_notification.desktop_notification.win32': Not used on non-Windows systems
[9.964s] [34mcolcon.colcon_notification.desktop_notification[0m [1;30mINFO[0m Sending desktop notification using 'notify2'
[10.079s] [34mcolcon.colcon_notification.desktop_notification.notify2[0m [1;30mDEBUG[0m [32mFailed to initialize notify2: org.freedesktop.DBus.Error.Spawn.ExecFailed: /usr/bin/dbus-launch terminated abnormally with the following error: No protocol specified
Autolaunch error: X11 initialization failed.
[0m
[10.080s] [34mcolcon.colcon_core.event_reactor[0m [1;30mDEBUG[0m [32mjoined thread[0m
[10.082s] [34mcolcon.colcon_core.shell[0m [1;30mINFO[0m Creating prefix script '/project/ai-drone-ws/install/local_setup.ps1'
[10.089s] [34mcolcon.colcon_core.shell[0m [1;30mINFO[0m Creating prefix util module '/project/ai-drone-ws/install/_local_setup_util_ps1.py'
[10.101s] [34mcolcon.colcon_core.shell[0m [1;30mINFO[0m Creating prefix chain script '/project/ai-drone-ws/install/setup.ps1'
[10.107s] [34mcolcon.colcon_core.shell[0m [1;30mINFO[0m Creating prefix script '/project/ai-drone-ws/install/local_setup.sh'
[10.117s] [34mcolcon.colcon_core.shell[0m [1;30mINFO[0m Creating prefix util module '/project/ai-drone-ws/install/_local_setup_util_sh.py'
[10.121s] [34mcolcon.colcon_core.shell[0m [1;30mINFO[0m Creating prefix chain script '/project/ai-drone-ws/install/setup.sh'
[10.131s] [34mcolcon.colcon_core.shell[0m [1;30mINFO[0m Creating prefix script '/project/ai-drone-ws/install/local_setup.bash'
[10.138s] [34mcolcon.colcon_core.shell[0m [1;30mINFO[0m Creating prefix chain script '/project/ai-drone-ws/install/setup.bash'
[10.144s] [34mcolcon.colcon_core.shell[0m [1;30mINFO[0m Creating prefix script '/project/ai-drone-ws/install/local_setup.zsh'
[10.147s] [34mcolcon.colcon_core.shell[0m [1;30mINFO[0m Creating prefix chain script '/project/ai-drone-ws/install/setup.zsh'
