[2.710s] Invoking command in '/project/ai-drone-ws/build/ai_drone': PYTHONPATH=/project/ai-drone-ws/build/ai_drone/prefix_override:/usr/lib/python3/dist-packages/colcon_core/task/python/colcon_distutils_commands:/project/ai-drone-ws/install/ai_drone/lib/python3.8/site-packages:${PYTHONPATH} /usr/bin/python3 -W ignore:setup.py install is deprecated -W ignore:easy_install command is deprecated setup.py develop --editable --build-directory /project/ai-drone-ws/build/ai_drone/build --no-deps symlink_data
[3.688s] running develop
[4.275s] running egg_info
[4.276s] writing ai_drone.egg-info/PKG-INFO
[4.278s] writing dependency_links to ai_drone.egg-info/dependency_links.txt
[4.278s] writing entry points to ai_drone.egg-info/entry_points.txt
[4.279s] writing top-level names to ai_drone.egg-info/top_level.txt
[4.428s] reading manifest file 'ai_drone.egg-info/SOURCES.txt'
[4.433s] writing manifest file 'ai_drone.egg-info/SOURCES.txt'
[4.589s] running build_ext
[4.590s] Creating /project/ai-drone-ws/install/ai_drone/lib/python3.8/site-packages/ai-drone.egg-link (link to .)
[4.593s] Installing flask_streamer script to /project/ai-drone-ws/install/ai_drone/lib/ai_drone
[4.594s] Installing overlay_node script to /project/ai-drone-ws/install/ai_drone/lib/ai_drone
[4.594s] Installing tracker_node script to /project/ai-drone-ws/install/ai_drone/lib/ai_drone
[4.595s] Installing video_acquire_ros2 script to /project/ai-drone-ws/install/ai_drone/lib/ai_drone
[4.595s] Installing yolo_trt_node script to /project/ai-drone-ws/install/ai_drone/lib/ai_drone
[4.596s] 
[4.597s] Installed /project/ai-drone-ws/build/ai_drone
[4.597s] running symlink_data
[4.721s] Invoked command in '/project/ai-drone-ws/build/ai_drone' returned '0': PYTHONPATH=/project/ai-drone-ws/build/ai_drone/prefix_override:/usr/lib/python3/dist-packages/colcon_core/task/python/colcon_distutils_commands:/project/ai-drone-ws/install/ai_drone/lib/python3.8/site-packages:${PYTHONPATH} /usr/bin/python3 -W ignore:setup.py install is deprecated -W ignore:easy_install command is deprecated setup.py develop --editable --build-directory /project/ai-drone-ws/build/ai_drone/build --no-deps symlink_data
