[3.216s] [34mcolcon[0m [1;30mDEBUG[0m [32mCommand line arguments: ['/usr/bin/colcon', 'build', '--packages-select', 'ai_drone'][0m
[3.216s] [34mcolcon[0m [1;30mDEBUG[0m [32mParsed command line arguments: Namespace(allow_overriding=[], ament_cmake_args=None, base_paths=['.'], build_base='build', catkin_cmake_args=None, catkin_skip_building_tests=False, cmake_args=None, cmake_clean_cache=False, cmake_clean_first=False, cmake_force_configure=False, cmake_target=None, cmake_target_skip_unavailable=False, continue_on_error=False, event_handlers=None, executor='parallel', ignore_user_meta=False, install_base='install', log_base=None, log_level=None, main=<bound method BuildVerb.main of <colcon_core.verb.build.BuildVerb object at 0x7f83cd45b0>>, merge_install=False, metas=['./colcon.meta'], packages_above=None, packages_above_and_dependencies=None, packages_above_depth=None, packages_end=None, packages_ignore=None, packages_ignore_regex=None, packages_select=['ai_drone'], packages_select_build_failed=False, packages_select_by_dep=None, packages_select_regex=None, packages_select_test_failures=False, packages_skip=None, packages_skip_build_finished=False, packages_skip_by_dep=None, packages_skip_regex=None, packages_skip_test_passed=False, packages_skip_up_to=None, packages_start=None, packages_up_to=None, packages_up_to_regex=None, parallel_workers=4, paths=None, symlink_install=False, test_result_base=None, verb_extension=<colcon_core.verb.build.BuildVerb object at 0x7f83cd45b0>, verb_name='build', verb_parser=<colcon_defaults.argument_parser.defaults.DefaultArgumentsDecorator object at 0x7f83c61c70>)[0m
[4.122s] [34mcolcon.colcon_core.package_discovery[0m [1;30mLevel 1[0m discover_packages(colcon_meta) check parameters
[4.123s] [34mcolcon.colcon_core.package_discovery[0m [1;30mLevel 1[0m discover_packages(recursive) check parameters
[4.123s] [34mcolcon.colcon_core.package_discovery[0m [1;30mLevel 1[0m discover_packages(ignore) check parameters
[4.123s] [34mcolcon.colcon_core.package_discovery[0m [1;30mLevel 1[0m discover_packages(path) check parameters
[4.123s] [34mcolcon.colcon_core.package_discovery[0m [1;30mLevel 1[0m discover_packages(colcon_meta) discover
[4.124s] [34mcolcon.colcon_core.package_discovery[0m [1;30mLevel 1[0m discover_packages(recursive) discover
[4.124s] [34mcolcon.colcon_core.package_discovery[0m [1;30mINFO[0m Crawling recursively for packages in '/project/ai-drone-ws'
[4.125s] [34mcolcon.colcon_core.package_identification[0m [1;30mLevel 1[0m _identify(.) by extensions ['ignore', 'ignore_ament_install']
[4.125s] [34mcolcon.colcon_core.package_identification[0m [1;30mLevel 1[0m _identify(.) by extension 'ignore'
[4.125s] [34mcolcon.colcon_core.package_identification[0m [1;30mLevel 1[0m _identify(.) by extension 'ignore_ament_install'
[4.126s] [34mcolcon.colcon_core.package_identification[0m [1;30mLevel 1[0m _identify(.) by extensions ['colcon_pkg']
[4.126s] [34mcolcon.colcon_core.package_identification[0m [1;30mLevel 1[0m _identify(.) by extension 'colcon_pkg'
[4.126s] [34mcolcon.colcon_core.package_identification[0m [1;30mLevel 1[0m _identify(.) by extensions ['colcon_meta']
[4.126s] [34mcolcon.colcon_core.package_identification[0m [1;30mLevel 1[0m _identify(.) by extension 'colcon_meta'
[4.127s] [34mcolcon.colcon_core.package_identification[0m [1;30mLevel 1[0m _identify(.) by extensions ['ros']
[4.127s] [34mcolcon.colcon_core.package_identification[0m [1;30mLevel 1[0m _identify(.) by extension 'ros'
[4.289s] [34mcolcon.colcon_core.package_identification[0m [1;30mLevel 1[0m _identify(.) by extensions ['cmake', 'python']
[4.289s] [34mcolcon.colcon_core.package_identification[0m [1;30mLevel 1[0m _identify(.) by extension 'cmake'
[4.293s] [34mcolcon.colcon_core.package_identification[0m [1;30mLevel 1[0m _identify(.) by extension 'python'
[4.295s] [34mcolcon.colcon_core.package_identification[0m [1;30mLevel 1[0m _identify(.) by extensions ['python_setup_py']
[4.295s] [34mcolcon.colcon_core.package_identification[0m [1;30mLevel 1[0m _identify(.) by extension 'python_setup_py'
[4.295s] [34mcolcon.colcon_core.package_identification[0m [1;30mLevel 1[0m _identify(build) by extensions ['ignore', 'ignore_ament_install']
[4.296s] [34mcolcon.colcon_core.package_identification[0m [1;30mLevel 1[0m _identify(build) by extension 'ignore'
[4.296s] [34mcolcon.colcon_core.package_identification[0m [1;30mLevel 1[0m _identify(build) ignored
[4.296s] [34mcolcon.colcon_core.package_identification[0m [1;30mLevel 1[0m _identify(install) by extensions ['ignore', 'ignore_ament_install']
[4.297s] [34mcolcon.colcon_core.package_identification[0m [1;30mLevel 1[0m _identify(install) by extension 'ignore'
[4.297s] [34mcolcon.colcon_core.package_identification[0m [1;30mLevel 1[0m _identify(install) ignored
[4.297s] [34mcolcon.colcon_core.package_identification[0m [1;30mLevel 1[0m _identify(log) by extensions ['ignore', 'ignore_ament_install']
[4.298s] [34mcolcon.colcon_core.package_identification[0m [1;30mLevel 1[0m _identify(log) by extension 'ignore'
[4.298s] [34mcolcon.colcon_core.package_identification[0m [1;30mLevel 1[0m _identify(log) ignored
[4.298s] [34mcolcon.colcon_core.package_identification[0m [1;30mLevel 1[0m _identify(src) by extensions ['ignore', 'ignore_ament_install']
[4.299s] [34mcolcon.colcon_core.package_identification[0m [1;30mLevel 1[0m _identify(src) by extension 'ignore'
[4.299s] [34mcolcon.colcon_core.package_identification[0m [1;30mLevel 1[0m _identify(src) by extension 'ignore_ament_install'
[4.299s] [34mcolcon.colcon_core.package_identification[0m [1;30mLevel 1[0m _identify(src) by extensions ['colcon_pkg']
[4.299s] [34mcolcon.colcon_core.package_identification[0m [1;30mLevel 1[0m _identify(src) by extension 'colcon_pkg'
[4.299s] [34mcolcon.colcon_core.package_identification[0m [1;30mLevel 1[0m _identify(src) by extensions ['colcon_meta']
[4.300s] [34mcolcon.colcon_core.package_identification[0m [1;30mLevel 1[0m _identify(src) by extension 'colcon_meta'
[4.300s] [34mcolcon.colcon_core.package_identification[0m [1;30mLevel 1[0m _identify(src) by extensions ['ros']
[4.300s] [34mcolcon.colcon_core.package_identification[0m [1;30mLevel 1[0m _identify(src) by extension 'ros'
[4.300s] [34mcolcon.colcon_core.package_identification[0m [1;30mLevel 1[0m _identify(src) by extensions ['cmake', 'python']
[4.300s] [34mcolcon.colcon_core.package_identification[0m [1;30mLevel 1[0m _identify(src) by extension 'cmake'
[4.301s] [34mcolcon.colcon_core.package_identification[0m [1;30mLevel 1[0m _identify(src) by extension 'python'
[4.301s] [34mcolcon.colcon_core.package_identification[0m [1;30mLevel 1[0m _identify(src) by extensions ['python_setup_py']
[4.301s] [34mcolcon.colcon_core.package_identification[0m [1;30mLevel 1[0m _identify(src) by extension 'python_setup_py'
[4.301s] [34mcolcon.colcon_core.package_identification[0m [1;30mLevel 1[0m _identify(src/ai_drone) by extensions ['ignore', 'ignore_ament_install']
[4.302s] [34mcolcon.colcon_core.package_identification[0m [1;30mLevel 1[0m _identify(src/ai_drone) by extension 'ignore'
[4.302s] [34mcolcon.colcon_core.package_identification[0m [1;30mLevel 1[0m _identify(src/ai_drone) by extension 'ignore_ament_install'
[4.302s] [34mcolcon.colcon_core.package_identification[0m [1;30mLevel 1[0m _identify(src/ai_drone) by extensions ['colcon_pkg']
[4.302s] [34mcolcon.colcon_core.package_identification[0m [1;30mLevel 1[0m _identify(src/ai_drone) by extension 'colcon_pkg'
[4.303s] [34mcolcon.colcon_core.package_identification[0m [1;30mLevel 1[0m _identify(src/ai_drone) by extensions ['colcon_meta']
[4.303s] [34mcolcon.colcon_core.package_identification[0m [1;30mLevel 1[0m _identify(src/ai_drone) by extension 'colcon_meta'
[4.303s] [34mcolcon.colcon_core.package_identification[0m [1;30mLevel 1[0m _identify(src/ai_drone) by extensions ['ros']
[4.303s] [34mcolcon.colcon_core.package_identification[0m [1;30mLevel 1[0m _identify(src/ai_drone) by extension 'ros'
[4.316s] [34mcolcon.colcon_core.package_identification[0m [1;30mDEBUG[0m [32mPackage 'src/ai_drone' with type 'ros.ament_python' and name 'ai_drone'[0m
[4.317s] [34mcolcon.colcon_core.package_identification[0m [1;30mLevel 1[0m _identify(src/build) by extensions ['ignore', 'ignore_ament_install']
[4.317s] [34mcolcon.colcon_core.package_identification[0m [1;30mLevel 1[0m _identify(src/build) by extension 'ignore'
[4.317s] [34mcolcon.colcon_core.package_identification[0m [1;30mLevel 1[0m _identify(src/build) ignored
[4.318s] [34mcolcon.colcon_core.package_identification[0m [1;30mLevel 1[0m _identify(src/install) by extensions ['ignore', 'ignore_ament_install']
[4.318s] [34mcolcon.colcon_core.package_identification[0m [1;30mLevel 1[0m _identify(src/install) by extension 'ignore'
[4.318s] [34mcolcon.colcon_core.package_identification[0m [1;30mLevel 1[0m _identify(src/install) ignored
[4.319s] [34mcolcon.colcon_core.package_identification[0m [1;30mLevel 1[0m _identify(src/log) by extensions ['ignore', 'ignore_ament_install']
[4.319s] [34mcolcon.colcon_core.package_identification[0m [1;30mLevel 1[0m _identify(src/log) by extension 'ignore'
[4.319s] [34mcolcon.colcon_core.package_identification[0m [1;30mLevel 1[0m _identify(src/log) ignored
[4.319s] [34mcolcon.colcon_core.package_discovery[0m [1;30mLevel 1[0m discover_packages(recursive) using defaults
[4.320s] [34mcolcon.colcon_core.package_discovery[0m [1;30mLevel 1[0m discover_packages(ignore) discover
[4.320s] [34mcolcon.colcon_core.package_discovery[0m [1;30mLevel 1[0m discover_packages(ignore) using defaults
[4.320s] [34mcolcon.colcon_core.package_discovery[0m [1;30mLevel 1[0m discover_packages(path) discover
[4.320s] [34mcolcon.colcon_core.package_discovery[0m [1;30mLevel 1[0m discover_packages(path) using defaults
[4.464s] [34mcolcon.colcon_core.package_discovery[0m [1;30mLevel 1[0m discover_packages(prefix_path) check parameters
[4.464s] [34mcolcon.colcon_core.package_discovery[0m [1;30mLevel 1[0m discover_packages(prefix_path) discover
[4.476s] [34mcolcon.colcon_installed_package_information.package_discovery[0m [1;30mDEBUG[0m [32mFound 1 installed packages in /project/ai-drone-ws/install[0m
[4.486s] [34mcolcon.colcon_installed_package_information.package_discovery[0m [1;30mDEBUG[0m [32mFound 257 installed packages in /opt/ros/foxy[0m
[4.495s] [34mcolcon.colcon_core.package_discovery[0m [1;30mLevel 1[0m discover_packages(prefix_path) using defaults
[5.058s] [34mcolcon.colcon_core.verb[0m [1;30mLevel 5[0m set package 'ai_drone' build argument 'cmake_args' from command line to 'None'
[5.058s] [34mcolcon.colcon_core.verb[0m [1;30mLevel 5[0m set package 'ai_drone' build argument 'cmake_target' from command line to 'None'
[5.058s] [34mcolcon.colcon_core.verb[0m [1;30mLevel 5[0m set package 'ai_drone' build argument 'cmake_target_skip_unavailable' from command line to 'False'
[5.058s] [34mcolcon.colcon_core.verb[0m [1;30mLevel 5[0m set package 'ai_drone' build argument 'cmake_clean_cache' from command line to 'False'
[5.058s] [34mcolcon.colcon_core.verb[0m [1;30mLevel 5[0m set package 'ai_drone' build argument 'cmake_clean_first' from command line to 'False'
[5.059s] [34mcolcon.colcon_core.verb[0m [1;30mLevel 5[0m set package 'ai_drone' build argument 'cmake_force_configure' from command line to 'False'
[5.059s] [34mcolcon.colcon_core.verb[0m [1;30mLevel 5[0m set package 'ai_drone' build argument 'ament_cmake_args' from command line to 'None'
[5.059s] [34mcolcon.colcon_core.verb[0m [1;30mLevel 5[0m set package 'ai_drone' build argument 'catkin_cmake_args' from command line to 'None'
[5.059s] [34mcolcon.colcon_core.verb[0m [1;30mLevel 5[0m set package 'ai_drone' build argument 'catkin_skip_building_tests' from command line to 'False'
[5.059s] [34mcolcon.colcon_core.verb[0m [1;30mDEBUG[0m [32mBuilding package 'ai_drone' with the following arguments: {'ament_cmake_args': None, 'build_base': '/project/ai-drone-ws/build/ai_drone', 'catkin_cmake_args': None, 'catkin_skip_building_tests': False, 'cmake_args': None, 'cmake_clean_cache': False, 'cmake_clean_first': False, 'cmake_force_configure': False, 'cmake_target': None, 'cmake_target_skip_unavailable': False, 'install_base': '/project/ai-drone-ws/install/ai_drone', 'merge_install': False, 'path': '/project/ai-drone-ws/src/ai_drone', 'symlink_install': False, 'test_result_base': None}[0m
[5.060s] [34mcolcon.colcon_core.executor[0m [1;30mINFO[0m Executing jobs using 'parallel' executor
[5.063s] [34mcolcon.colcon_parallel_executor.executor.parallel[0m [1;30mDEBUG[0m [32mrun_until_complete[0m
[5.064s] [34mcolcon.colcon_ros.task.ament_python.build[0m [1;30mINFO[0m Building ROS package in '/project/ai-drone-ws/src/ai_drone' with build type 'ament_python'
[5.064s] [34mcolcon.colcon_core.shell[0m [1;30mLevel 1[0m create_environment_hook('ai_drone', 'ament_prefix_path')
[5.083s] [34mcolcon.colcon_core.plugin_system[0m [1;30mINFO[0m Skipping extension 'colcon_core.shell.bat': Not used on non-Windows systems
[5.084s] [34mcolcon.colcon_core.shell[0m [1;30mINFO[0m Creating environment hook '/project/ai-drone-ws/install/ai_drone/share/ai_drone/hook/ament_prefix_path.ps1'
[5.088s] [34mcolcon.colcon_core.shell[0m [1;30mINFO[0m Creating environment descriptor '/project/ai-drone-ws/install/ai_drone/share/ai_drone/hook/ament_prefix_path.dsv'
[5.093s] [34mcolcon.colcon_core.shell[0m [1;30mINFO[0m Creating environment hook '/project/ai-drone-ws/install/ai_drone/share/ai_drone/hook/ament_prefix_path.sh'
[5.097s] [34mcolcon.colcon_core.shell[0m [1;30mINFO[0m Skip shell extension 'powershell' for command environment: Not usable outside of PowerShell
[5.097s] [34mcolcon.colcon_core.shell[0m [1;30mDEBUG[0m [32mSkip shell extension 'dsv' for command environment[0m
[6.132s] [34mcolcon.colcon_core.task.python.build[0m [1;30mINFO[0m Building Python package in '/project/ai-drone-ws/src/ai_drone'
[6.134s] [34mcolcon.colcon_core.shell[0m [1;30mINFO[0m Skip shell extension 'powershell' for command environment: Not usable outside of PowerShell
[6.134s] [34mcolcon.colcon_core.shell[0m [1;30mDEBUG[0m [32mSkip shell extension 'dsv' for command environment[0m
[8.332s] [34mcolcon.colcon_core.event_handler.log_command[0m [1;30mDEBUG[0m [32mInvoking command in '/project/ai-drone-ws/src/ai_drone': PYTHONPATH=/project/ai-drone-ws/build/ai_drone/prefix_override:/usr/lib/python3/dist-packages/colcon_core/task/python/colcon_distutils_commands:/project/ai-drone-ws/install/ai_drone/lib/python3.8/site-packages:${PYTHONPATH} /usr/bin/python3 -W ignore:setup.py install is deprecated -W ignore:easy_install command is deprecated setup.py egg_info --egg-base ../../build/ai_drone build --build-base /project/ai-drone-ws/build/ai_drone/build install --record /project/ai-drone-ws/build/ai_drone/install.log --install-scripts $base/lib/ai_drone --single-version-externally-managed install_data[0m
[9.647s] [34mcolcon.colcon_core.event_handler.log_command[0m [1;30mDEBUG[0m [32mInvoked command in '/project/ai-drone-ws/src/ai_drone' returned '0': PYTHONPATH=/project/ai-drone-ws/build/ai_drone/prefix_override:/usr/lib/python3/dist-packages/colcon_core/task/python/colcon_distutils_commands:/project/ai-drone-ws/install/ai_drone/lib/python3.8/site-packages:${PYTHONPATH} /usr/bin/python3 -W ignore:setup.py install is deprecated -W ignore:easy_install command is deprecated setup.py egg_info --egg-base ../../build/ai_drone build --build-base /project/ai-drone-ws/build/ai_drone/build install --record /project/ai-drone-ws/build/ai_drone/install.log --install-scripts $base/lib/ai_drone --single-version-externally-managed install_data[0m
[9.669s] [34mcolcon.colcon_core.environment[0m [1;30mLevel 1[0m checking '/project/ai-drone-ws/install/ai_drone' for CMake module files
[9.671s] [34mcolcon.colcon_core.environment[0m [1;30mLevel 1[0m checking '/project/ai-drone-ws/install/ai_drone' for CMake config files
[9.675s] [34mcolcon.colcon_core.environment[0m [1;30mLevel 1[0m checking '/project/ai-drone-ws/install/ai_drone/lib'
[9.675s] [34mcolcon.colcon_core.environment[0m [1;30mLevel 1[0m checking '/project/ai-drone-ws/install/ai_drone/bin'
[9.676s] [34mcolcon.colcon_core.environment[0m [1;30mLevel 1[0m checking '/project/ai-drone-ws/install/ai_drone/lib/pkgconfig/ai_drone.pc'
[9.677s] [34mcolcon.colcon_core.environment[0m [1;30mLevel 1[0m checking '/project/ai-drone-ws/install/ai_drone/lib/python3.8/site-packages'
[9.677s] [34mcolcon.colcon_core.shell[0m [1;30mLevel 1[0m create_environment_hook('ai_drone', 'pythonpath')
[9.678s] [34mcolcon.colcon_core.shell[0m [1;30mINFO[0m Creating environment hook '/project/ai-drone-ws/install/ai_drone/share/ai_drone/hook/pythonpath.ps1'
[9.680s] [34mcolcon.colcon_core.shell[0m [1;30mINFO[0m Creating environment descriptor '/project/ai-drone-ws/install/ai_drone/share/ai_drone/hook/pythonpath.dsv'
[9.681s] [34mcolcon.colcon_core.shell[0m [1;30mINFO[0m Creating environment hook '/project/ai-drone-ws/install/ai_drone/share/ai_drone/hook/pythonpath.sh'
[9.683s] [34mcolcon.colcon_core.environment[0m [1;30mLevel 1[0m checking '/project/ai-drone-ws/install/ai_drone/bin'
[9.683s] [34mcolcon.colcon_core.environment[0m [1;30mLevel 1[0m create_environment_scripts_only(ai_drone)
[9.685s] [34mcolcon.colcon_core.shell[0m [1;30mINFO[0m Creating package script '/project/ai-drone-ws/install/ai_drone/share/ai_drone/package.ps1'
[9.689s] [34mcolcon.colcon_core.shell[0m [1;30mINFO[0m Creating package descriptor '/project/ai-drone-ws/install/ai_drone/share/ai_drone/package.dsv'
[9.693s] [34mcolcon.colcon_core.shell[0m [1;30mINFO[0m Creating package script '/project/ai-drone-ws/install/ai_drone/share/ai_drone/package.sh'
[9.699s] [34mcolcon.colcon_core.shell[0m [1;30mINFO[0m Creating package script '/project/ai-drone-ws/install/ai_drone/share/ai_drone/package.bash'
[9.707s] [34mcolcon.colcon_core.shell[0m [1;30mINFO[0m Creating package script '/project/ai-drone-ws/install/ai_drone/share/ai_drone/package.zsh'
[9.715s] [34mcolcon.colcon_core.environment[0m [1;30mLevel 1[0m create_file_with_runtime_dependencies(/project/ai-drone-ws/install/ai_drone/share/colcon-core/packages/ai_drone)
[9.716s] [34mcolcon.colcon_parallel_executor.executor.parallel[0m [1;30mDEBUG[0m [32mclosing loop[0m
[9.717s] [34mcolcon.colcon_parallel_executor.executor.parallel[0m [1;30mDEBUG[0m [32mloop closed[0m
[9.718s] [34mcolcon.colcon_parallel_executor.executor.parallel[0m [1;30mDEBUG[0m [32mrun_until_complete finished with '0'[0m
[9.718s] [34mcolcon.colcon_core.event_reactor[0m [1;30mDEBUG[0m [32mjoining thread[0m
[9.877s] [34mcolcon.colcon_core.plugin_system[0m [1;30mINFO[0m Skipping extension 'colcon_notification.desktop_notification.notify_send': Could not find 'notify-send'
[9.878s] [34mcolcon.colcon_core.plugin_system[0m [1;30mINFO[0m Skipping extension 'colcon_notification.desktop_notification.terminal_notifier': Not used on non-Darwin systems
[9.879s] [34mcolcon.colcon_core.plugin_system[0m [1;30mINFO[0m Skipping extension 'colcon_notification.desktop_notification.win32': Not used on non-Windows systems
[9.879s] [34mcolcon.colcon_notification.desktop_notification[0m [1;30mINFO[0m Sending desktop notification using 'notify2'
[9.938s] [34mcolcon.colcon_notification.desktop_notification.notify2[0m [1;30mDEBUG[0m [32mFailed to initialize notify2: org.freedesktop.DBus.Error.Spawn.ExecFailed: /usr/bin/dbus-launch terminated abnormally with the following error: No protocol specified
Autolaunch error: X11 initialization failed.
[0m
[9.940s] [34mcolcon.colcon_core.event_reactor[0m [1;30mDEBUG[0m [32mjoined thread[0m
[9.944s] [34mcolcon.colcon_core.shell[0m [1;30mINFO[0m Creating prefix script '/project/ai-drone-ws/install/local_setup.ps1'
[9.953s] [34mcolcon.colcon_core.shell[0m [1;30mINFO[0m Creating prefix util module '/project/ai-drone-ws/install/_local_setup_util_ps1.py'
[9.972s] [34mcolcon.colcon_core.shell[0m [1;30mINFO[0m Creating prefix chain script '/project/ai-drone-ws/install/setup.ps1'
[9.981s] [34mcolcon.colcon_core.shell[0m [1;30mINFO[0m Creating prefix script '/project/ai-drone-ws/install/local_setup.sh'
[9.993s] [34mcolcon.colcon_core.shell[0m [1;30mINFO[0m Creating prefix util module '/project/ai-drone-ws/install/_local_setup_util_sh.py'
[9.996s] [34mcolcon.colcon_core.shell[0m [1;30mINFO[0m Creating prefix chain script '/project/ai-drone-ws/install/setup.sh'
[10.006s] [34mcolcon.colcon_core.shell[0m [1;30mINFO[0m Creating prefix script '/project/ai-drone-ws/install/local_setup.bash'
[10.010s] [34mcolcon.colcon_core.shell[0m [1;30mINFO[0m Creating prefix chain script '/project/ai-drone-ws/install/setup.bash'
[10.017s] [34mcolcon.colcon_core.shell[0m [1;30mINFO[0m Creating prefix script '/project/ai-drone-ws/install/local_setup.zsh'
[10.024s] [34mcolcon.colcon_core.shell[0m [1;30mINFO[0m Creating prefix chain script '/project/ai-drone-ws/install/setup.zsh'
