[1.271s] [34mcolcon[0m [1;30mDEBUG[0m [32mCommand line arguments: ['/usr/bin/colcon', 'build', '--packages-select', 'ai_drone'][0m
[1.272s] [34mcolcon[0m [1;30mDEBUG[0m [32mParsed command line arguments: Namespace(allow_overriding=[], ament_cmake_args=None, base_paths=['.'], build_base='build', catkin_cmake_args=None, catkin_skip_building_tests=False, cmake_args=None, cmake_clean_cache=False, cmake_clean_first=False, cmake_force_configure=False, cmake_target=None, cmake_target_skip_unavailable=False, continue_on_error=False, event_handlers=None, executor='parallel', ignore_user_meta=False, install_base='install', log_base=None, log_level=None, main=<bound method BuildVerb.main of <colcon_core.verb.build.BuildVerb object at 0x7f9adff6d0>>, merge_install=False, metas=['./colcon.meta'], packages_above=None, packages_above_and_dependencies=None, packages_above_depth=None, packages_end=None, packages_ignore=None, packages_ignore_regex=None, packages_select=['ai_drone'], packages_select_build_failed=False, packages_select_by_dep=None, packages_select_regex=None, packages_select_test_failures=False, packages_skip=None, packages_skip_build_finished=False, packages_skip_by_dep=None, packages_skip_regex=None, packages_skip_test_passed=False, packages_skip_up_to=None, packages_start=None, packages_up_to=None, packages_up_to_regex=None, parallel_workers=4, paths=None, symlink_install=False, test_result_base=None, verb_extension=<colcon_core.verb.build.BuildVerb object at 0x7f9adff6d0>, verb_name='build', verb_parser=<colcon_defaults.argument_parser.defaults.DefaultArgumentsDecorator object at 0x7f9ad8fd90>)[0m
[2.022s] [34mcolcon.colcon_core.package_discovery[0m [1;30mLevel 1[0m discover_packages(colcon_meta) check parameters
[2.023s] [34mcolcon.colcon_core.package_discovery[0m [1;30mLevel 1[0m discover_packages(recursive) check parameters
[2.023s] [34mcolcon.colcon_core.package_discovery[0m [1;30mLevel 1[0m discover_packages(ignore) check parameters
[2.023s] [34mcolcon.colcon_core.package_discovery[0m [1;30mLevel 1[0m discover_packages(path) check parameters
[2.023s] [34mcolcon.colcon_core.package_discovery[0m [1;30mLevel 1[0m discover_packages(colcon_meta) discover
[2.024s] [34mcolcon.colcon_core.package_discovery[0m [1;30mLevel 1[0m discover_packages(recursive) discover
[2.024s] [34mcolcon.colcon_core.package_discovery[0m [1;30mINFO[0m Crawling recursively for packages in '/project/ai-drone-ws'
[2.024s] [34mcolcon.colcon_core.package_identification[0m [1;30mLevel 1[0m _identify(.) by extensions ['ignore', 'ignore_ament_install']
[2.025s] [34mcolcon.colcon_core.package_identification[0m [1;30mLevel 1[0m _identify(.) by extension 'ignore'
[2.025s] [34mcolcon.colcon_core.package_identification[0m [1;30mLevel 1[0m _identify(.) by extension 'ignore_ament_install'
[2.026s] [34mcolcon.colcon_core.package_identification[0m [1;30mLevel 1[0m _identify(.) by extensions ['colcon_pkg']
[2.026s] [34mcolcon.colcon_core.package_identification[0m [1;30mLevel 1[0m _identify(.) by extension 'colcon_pkg'
[2.026s] [34mcolcon.colcon_core.package_identification[0m [1;30mLevel 1[0m _identify(.) by extensions ['colcon_meta']
[2.026s] [34mcolcon.colcon_core.package_identification[0m [1;30mLevel 1[0m _identify(.) by extension 'colcon_meta'
[2.026s] [34mcolcon.colcon_core.package_identification[0m [1;30mLevel 1[0m _identify(.) by extensions ['ros']
[2.026s] [34mcolcon.colcon_core.package_identification[0m [1;30mLevel 1[0m _identify(.) by extension 'ros'
[2.126s] [34mcolcon.colcon_core.package_identification[0m [1;30mLevel 1[0m _identify(.) by extensions ['cmake', 'python']
[2.126s] [34mcolcon.colcon_core.package_identification[0m [1;30mLevel 1[0m _identify(.) by extension 'cmake'
[2.126s] [34mcolcon.colcon_core.package_identification[0m [1;30mLevel 1[0m _identify(.) by extension 'python'
[2.126s] [34mcolcon.colcon_core.package_identification[0m [1;30mLevel 1[0m _identify(.) by extensions ['python_setup_py']
[2.126s] [34mcolcon.colcon_core.package_identification[0m [1;30mLevel 1[0m _identify(.) by extension 'python_setup_py'
[2.127s] [34mcolcon.colcon_core.package_identification[0m [1;30mLevel 1[0m _identify(build) by extensions ['ignore', 'ignore_ament_install']
[2.127s] [34mcolcon.colcon_core.package_identification[0m [1;30mLevel 1[0m _identify(build) by extension 'ignore'
[2.128s] [34mcolcon.colcon_core.package_identification[0m [1;30mLevel 1[0m _identify(build) ignored
[2.128s] [34mcolcon.colcon_core.package_identification[0m [1;30mLevel 1[0m _identify(install) by extensions ['ignore', 'ignore_ament_install']
[2.128s] [34mcolcon.colcon_core.package_identification[0m [1;30mLevel 1[0m _identify(install) by extension 'ignore'
[2.129s] [34mcolcon.colcon_core.package_identification[0m [1;30mLevel 1[0m _identify(install) ignored
[2.129s] [34mcolcon.colcon_core.package_identification[0m [1;30mLevel 1[0m _identify(log) by extensions ['ignore', 'ignore_ament_install']
[2.129s] [34mcolcon.colcon_core.package_identification[0m [1;30mLevel 1[0m _identify(log) by extension 'ignore'
[2.130s] [34mcolcon.colcon_core.package_identification[0m [1;30mLevel 1[0m _identify(log) ignored
[2.130s] [34mcolcon.colcon_core.package_identification[0m [1;30mLevel 1[0m _identify(src) by extensions ['ignore', 'ignore_ament_install']
[2.130s] [34mcolcon.colcon_core.package_identification[0m [1;30mLevel 1[0m _identify(src) by extension 'ignore'
[2.131s] [34mcolcon.colcon_core.package_identification[0m [1;30mLevel 1[0m _identify(src) by extension 'ignore_ament_install'
[2.131s] [34mcolcon.colcon_core.package_identification[0m [1;30mLevel 1[0m _identify(src) by extensions ['colcon_pkg']
[2.131s] [34mcolcon.colcon_core.package_identification[0m [1;30mLevel 1[0m _identify(src) by extension 'colcon_pkg'
[2.131s] [34mcolcon.colcon_core.package_identification[0m [1;30mLevel 1[0m _identify(src) by extensions ['colcon_meta']
[2.131s] [34mcolcon.colcon_core.package_identification[0m [1;30mLevel 1[0m _identify(src) by extension 'colcon_meta'
[2.131s] [34mcolcon.colcon_core.package_identification[0m [1;30mLevel 1[0m _identify(src) by extensions ['ros']
[2.132s] [34mcolcon.colcon_core.package_identification[0m [1;30mLevel 1[0m _identify(src) by extension 'ros'
[2.132s] [34mcolcon.colcon_core.package_identification[0m [1;30mLevel 1[0m _identify(src) by extensions ['cmake', 'python']
[2.132s] [34mcolcon.colcon_core.package_identification[0m [1;30mLevel 1[0m _identify(src) by extension 'cmake'
[2.132s] [34mcolcon.colcon_core.package_identification[0m [1;30mLevel 1[0m _identify(src) by extension 'python'
[2.133s] [34mcolcon.colcon_core.package_identification[0m [1;30mLevel 1[0m _identify(src) by extensions ['python_setup_py']
[2.133s] [34mcolcon.colcon_core.package_identification[0m [1;30mLevel 1[0m _identify(src) by extension 'python_setup_py'
[2.133s] [34mcolcon.colcon_core.package_identification[0m [1;30mLevel 1[0m _identify(src/ai_drone) by extensions ['ignore', 'ignore_ament_install']
[2.133s] [34mcolcon.colcon_core.package_identification[0m [1;30mLevel 1[0m _identify(src/ai_drone) by extension 'ignore'
[2.134s] [34mcolcon.colcon_core.package_identification[0m [1;30mLevel 1[0m _identify(src/ai_drone) by extension 'ignore_ament_install'
[2.134s] [34mcolcon.colcon_core.package_identification[0m [1;30mLevel 1[0m _identify(src/ai_drone) by extensions ['colcon_pkg']
[2.134s] [34mcolcon.colcon_core.package_identification[0m [1;30mLevel 1[0m _identify(src/ai_drone) by extension 'colcon_pkg'
[2.134s] [34mcolcon.colcon_core.package_identification[0m [1;30mLevel 1[0m _identify(src/ai_drone) by extensions ['colcon_meta']
[2.134s] [34mcolcon.colcon_core.package_identification[0m [1;30mLevel 1[0m _identify(src/ai_drone) by extension 'colcon_meta'
[2.135s] [34mcolcon.colcon_core.package_identification[0m [1;30mLevel 1[0m _identify(src/ai_drone) by extensions ['ros']
[2.135s] [34mcolcon.colcon_core.package_identification[0m [1;30mLevel 1[0m _identify(src/ai_drone) by extension 'ros'
[2.157s] [34mcolcon.colcon_core.package_identification[0m [1;30mDEBUG[0m [32mPackage 'src/ai_drone' with type 'ros.ament_python' and name 'ai_drone'[0m
[2.166s] [34mcolcon.colcon_core.package_identification[0m [1;30mLevel 1[0m _identify(src/build) by extensions ['ignore', 'ignore_ament_install']
[2.166s] [34mcolcon.colcon_core.package_identification[0m [1;30mLevel 1[0m _identify(src/build) by extension 'ignore'
[2.167s] [34mcolcon.colcon_core.package_identification[0m [1;30mLevel 1[0m _identify(src/build) ignored
[2.168s] [34mcolcon.colcon_core.package_identification[0m [1;30mLevel 1[0m _identify(src/install) by extensions ['ignore', 'ignore_ament_install']
[2.168s] [34mcolcon.colcon_core.package_identification[0m [1;30mLevel 1[0m _identify(src/install) by extension 'ignore'
[2.168s] [34mcolcon.colcon_core.package_identification[0m [1;30mLevel 1[0m _identify(src/install) ignored
[2.169s] [34mcolcon.colcon_core.package_identification[0m [1;30mLevel 1[0m _identify(src/log) by extensions ['ignore', 'ignore_ament_install']
[2.169s] [34mcolcon.colcon_core.package_identification[0m [1;30mLevel 1[0m _identify(src/log) by extension 'ignore'
[2.170s] [34mcolcon.colcon_core.package_identification[0m [1;30mLevel 1[0m _identify(src/log) ignored
[2.170s] [34mcolcon.colcon_core.package_discovery[0m [1;30mLevel 1[0m discover_packages(recursive) using defaults
[2.170s] [34mcolcon.colcon_core.package_discovery[0m [1;30mLevel 1[0m discover_packages(ignore) discover
[2.170s] [34mcolcon.colcon_core.package_discovery[0m [1;30mLevel 1[0m discover_packages(ignore) using defaults
[2.170s] [34mcolcon.colcon_core.package_discovery[0m [1;30mLevel 1[0m discover_packages(path) discover
[2.170s] [34mcolcon.colcon_core.package_discovery[0m [1;30mLevel 1[0m discover_packages(path) using defaults
[2.304s] [34mcolcon.colcon_core.package_discovery[0m [1;30mLevel 1[0m discover_packages(prefix_path) check parameters
[2.304s] [34mcolcon.colcon_core.package_discovery[0m [1;30mLevel 1[0m discover_packages(prefix_path) discover
[2.318s] [34mcolcon.colcon_installed_package_information.package_discovery[0m [1;30mDEBUG[0m [32mFound 1 installed packages in /project/ai-drone-ws/install[0m
[2.325s] [34mcolcon.colcon_installed_package_information.package_discovery[0m [1;30mDEBUG[0m [32mFound 257 installed packages in /opt/ros/foxy[0m
[2.333s] [34mcolcon.colcon_core.package_discovery[0m [1;30mLevel 1[0m discover_packages(prefix_path) using defaults
[3.086s] [34mcolcon.colcon_core.verb[0m [1;30mLevel 5[0m set package 'ai_drone' build argument 'cmake_args' from command line to 'None'
[3.086s] [34mcolcon.colcon_core.verb[0m [1;30mLevel 5[0m set package 'ai_drone' build argument 'cmake_target' from command line to 'None'
[3.086s] [34mcolcon.colcon_core.verb[0m [1;30mLevel 5[0m set package 'ai_drone' build argument 'cmake_target_skip_unavailable' from command line to 'False'
[3.086s] [34mcolcon.colcon_core.verb[0m [1;30mLevel 5[0m set package 'ai_drone' build argument 'cmake_clean_cache' from command line to 'False'
[3.086s] [34mcolcon.colcon_core.verb[0m [1;30mLevel 5[0m set package 'ai_drone' build argument 'cmake_clean_first' from command line to 'False'
[3.086s] [34mcolcon.colcon_core.verb[0m [1;30mLevel 5[0m set package 'ai_drone' build argument 'cmake_force_configure' from command line to 'False'
[3.087s] [34mcolcon.colcon_core.verb[0m [1;30mLevel 5[0m set package 'ai_drone' build argument 'ament_cmake_args' from command line to 'None'
[3.087s] [34mcolcon.colcon_core.verb[0m [1;30mLevel 5[0m set package 'ai_drone' build argument 'catkin_cmake_args' from command line to 'None'
[3.087s] [34mcolcon.colcon_core.verb[0m [1;30mLevel 5[0m set package 'ai_drone' build argument 'catkin_skip_building_tests' from command line to 'False'
[3.087s] [34mcolcon.colcon_core.verb[0m [1;30mDEBUG[0m [32mBuilding package 'ai_drone' with the following arguments: {'ament_cmake_args': None, 'build_base': '/project/ai-drone-ws/build/ai_drone', 'catkin_cmake_args': None, 'catkin_skip_building_tests': False, 'cmake_args': None, 'cmake_clean_cache': False, 'cmake_clean_first': False, 'cmake_force_configure': False, 'cmake_target': None, 'cmake_target_skip_unavailable': False, 'install_base': '/project/ai-drone-ws/install/ai_drone', 'merge_install': False, 'path': '/project/ai-drone-ws/src/ai_drone', 'symlink_install': False, 'test_result_base': None}[0m
[3.088s] [34mcolcon.colcon_core.executor[0m [1;30mINFO[0m Executing jobs using 'parallel' executor
[3.091s] [34mcolcon.colcon_parallel_executor.executor.parallel[0m [1;30mDEBUG[0m [32mrun_until_complete[0m
[3.092s] [34mcolcon.colcon_ros.task.ament_python.build[0m [1;30mINFO[0m Building ROS package in '/project/ai-drone-ws/src/ai_drone' with build type 'ament_python'
[3.092s] [34mcolcon.colcon_core.shell[0m [1;30mLevel 1[0m create_environment_hook('ai_drone', 'ament_prefix_path')
[3.112s] [34mcolcon.colcon_core.plugin_system[0m [1;30mINFO[0m Skipping extension 'colcon_core.shell.bat': Not used on non-Windows systems
[3.113s] [34mcolcon.colcon_core.shell[0m [1;30mINFO[0m Creating environment hook '/project/ai-drone-ws/install/ai_drone/share/ai_drone/hook/ament_prefix_path.ps1'
[3.117s] [34mcolcon.colcon_core.shell[0m [1;30mINFO[0m Creating environment descriptor '/project/ai-drone-ws/install/ai_drone/share/ai_drone/hook/ament_prefix_path.dsv'
[3.166s] [34mcolcon.colcon_core.shell[0m [1;30mINFO[0m Creating environment hook '/project/ai-drone-ws/install/ai_drone/share/ai_drone/hook/ament_prefix_path.sh'
[3.172s] [34mcolcon.colcon_core.shell[0m [1;30mINFO[0m Skip shell extension 'powershell' for command environment: Not usable outside of PowerShell
[3.172s] [34mcolcon.colcon_core.shell[0m [1;30mDEBUG[0m [32mSkip shell extension 'dsv' for command environment[0m
[4.208s] [34mcolcon.colcon_core.task.python.build[0m [1;30mINFO[0m Building Python package in '/project/ai-drone-ws/src/ai_drone'
[4.210s] [34mcolcon.colcon_core.shell[0m [1;30mINFO[0m Skip shell extension 'powershell' for command environment: Not usable outside of PowerShell
[4.210s] [34mcolcon.colcon_core.shell[0m [1;30mDEBUG[0m [32mSkip shell extension 'dsv' for command environment[0m
[6.231s] [34mcolcon.colcon_core.event_handler.log_command[0m [1;30mDEBUG[0m [32mInvoking command in '/project/ai-drone-ws/src/ai_drone': PYTHONPATH=/project/ai-drone-ws/build/ai_drone/prefix_override:/usr/lib/python3/dist-packages/colcon_core/task/python/colcon_distutils_commands:/project/ai-drone-ws/install/ai_drone/lib/python3.8/site-packages:${PYTHONPATH} /usr/bin/python3 -W ignore:setup.py install is deprecated -W ignore:easy_install command is deprecated setup.py egg_info --egg-base ../../build/ai_drone build --build-base /project/ai-drone-ws/build/ai_drone/build install --record /project/ai-drone-ws/build/ai_drone/install.log --install-scripts $base/lib/ai_drone --single-version-externally-managed install_data[0m
[7.556s] [34mcolcon.colcon_core.event_handler.log_command[0m [1;30mDEBUG[0m [32mInvoked command in '/project/ai-drone-ws/src/ai_drone' returned '0': PYTHONPATH=/project/ai-drone-ws/build/ai_drone/prefix_override:/usr/lib/python3/dist-packages/colcon_core/task/python/colcon_distutils_commands:/project/ai-drone-ws/install/ai_drone/lib/python3.8/site-packages:${PYTHONPATH} /usr/bin/python3 -W ignore:setup.py install is deprecated -W ignore:easy_install command is deprecated setup.py egg_info --egg-base ../../build/ai_drone build --build-base /project/ai-drone-ws/build/ai_drone/build install --record /project/ai-drone-ws/build/ai_drone/install.log --install-scripts $base/lib/ai_drone --single-version-externally-managed install_data[0m
[7.580s] [34mcolcon.colcon_core.environment[0m [1;30mLevel 1[0m checking '/project/ai-drone-ws/install/ai_drone' for CMake module files
[7.583s] [34mcolcon.colcon_core.environment[0m [1;30mLevel 1[0m checking '/project/ai-drone-ws/install/ai_drone' for CMake config files
[7.587s] [34mcolcon.colcon_core.environment[0m [1;30mLevel 1[0m checking '/project/ai-drone-ws/install/ai_drone/lib'
[7.587s] [34mcolcon.colcon_core.environment[0m [1;30mLevel 1[0m checking '/project/ai-drone-ws/install/ai_drone/bin'
[7.588s] [34mcolcon.colcon_core.environment[0m [1;30mLevel 1[0m checking '/project/ai-drone-ws/install/ai_drone/lib/pkgconfig/ai_drone.pc'
[7.589s] [34mcolcon.colcon_core.environment[0m [1;30mLevel 1[0m checking '/project/ai-drone-ws/install/ai_drone/lib/python3.8/site-packages'
[7.589s] [34mcolcon.colcon_core.shell[0m [1;30mLevel 1[0m create_environment_hook('ai_drone', 'pythonpath')
[7.590s] [34mcolcon.colcon_core.shell[0m [1;30mINFO[0m Creating environment hook '/project/ai-drone-ws/install/ai_drone/share/ai_drone/hook/pythonpath.ps1'
[7.592s] [34mcolcon.colcon_core.shell[0m [1;30mINFO[0m Creating environment descriptor '/project/ai-drone-ws/install/ai_drone/share/ai_drone/hook/pythonpath.dsv'
[7.593s] [34mcolcon.colcon_core.shell[0m [1;30mINFO[0m Creating environment hook '/project/ai-drone-ws/install/ai_drone/share/ai_drone/hook/pythonpath.sh'
[7.595s] [34mcolcon.colcon_core.environment[0m [1;30mLevel 1[0m checking '/project/ai-drone-ws/install/ai_drone/bin'
[7.595s] [34mcolcon.colcon_core.environment[0m [1;30mLevel 1[0m create_environment_scripts_only(ai_drone)
[7.597s] [34mcolcon.colcon_core.shell[0m [1;30mINFO[0m Creating package script '/project/ai-drone-ws/install/ai_drone/share/ai_drone/package.ps1'
[7.644s] [34mcolcon.colcon_core.shell[0m [1;30mINFO[0m Creating package descriptor '/project/ai-drone-ws/install/ai_drone/share/ai_drone/package.dsv'
[7.648s] [34mcolcon.colcon_core.shell[0m [1;30mINFO[0m Creating package script '/project/ai-drone-ws/install/ai_drone/share/ai_drone/package.sh'
[7.654s] [34mcolcon.colcon_core.shell[0m [1;30mINFO[0m Creating package script '/project/ai-drone-ws/install/ai_drone/share/ai_drone/package.bash'
[7.661s] [34mcolcon.colcon_core.shell[0m [1;30mINFO[0m Creating package script '/project/ai-drone-ws/install/ai_drone/share/ai_drone/package.zsh'
[7.666s] [34mcolcon.colcon_core.environment[0m [1;30mLevel 1[0m create_file_with_runtime_dependencies(/project/ai-drone-ws/install/ai_drone/share/colcon-core/packages/ai_drone)
[7.667s] [34mcolcon.colcon_parallel_executor.executor.parallel[0m [1;30mDEBUG[0m [32mclosing loop[0m
[7.668s] [34mcolcon.colcon_parallel_executor.executor.parallel[0m [1;30mDEBUG[0m [32mloop closed[0m
[7.669s] [34mcolcon.colcon_parallel_executor.executor.parallel[0m [1;30mDEBUG[0m [32mrun_until_complete finished with '0'[0m
[7.669s] [34mcolcon.colcon_core.event_reactor[0m [1;30mDEBUG[0m [32mjoining thread[0m
[7.776s] [34mcolcon.colcon_core.plugin_system[0m [1;30mINFO[0m Skipping extension 'colcon_notification.desktop_notification.notify_send': Could not find 'notify-send'
[7.776s] [34mcolcon.colcon_core.plugin_system[0m [1;30mINFO[0m Skipping extension 'colcon_notification.desktop_notification.terminal_notifier': Not used on non-Darwin systems
[7.777s] [34mcolcon.colcon_core.plugin_system[0m [1;30mINFO[0m Skipping extension 'colcon_notification.desktop_notification.win32': Not used on non-Windows systems
[7.777s] [34mcolcon.colcon_notification.desktop_notification[0m [1;30mINFO[0m Sending desktop notification using 'notify2'
[7.787s] [34mcolcon.colcon_notification.desktop_notification.notify2[0m [1;30mDEBUG[0m [32mFailed to initialize notify2: org.freedesktop.DBus.Error.Spawn.ExecFailed: /usr/bin/dbus-launch terminated abnormally with the following error: No protocol specified
Autolaunch error: X11 initialization failed.
[0m
[7.788s] [34mcolcon.colcon_core.event_reactor[0m [1;30mDEBUG[0m [32mjoined thread[0m
[7.790s] [34mcolcon.colcon_core.shell[0m [1;30mINFO[0m Creating prefix script '/project/ai-drone-ws/install/local_setup.ps1'
[7.795s] [34mcolcon.colcon_core.shell[0m [1;30mINFO[0m Creating prefix util module '/project/ai-drone-ws/install/_local_setup_util_ps1.py'
[7.811s] [34mcolcon.colcon_core.shell[0m [1;30mINFO[0m Creating prefix chain script '/project/ai-drone-ws/install/setup.ps1'
[7.816s] [34mcolcon.colcon_core.shell[0m [1;30mINFO[0m Creating prefix script '/project/ai-drone-ws/install/local_setup.sh'
[7.824s] [34mcolcon.colcon_core.shell[0m [1;30mINFO[0m Creating prefix util module '/project/ai-drone-ws/install/_local_setup_util_sh.py'
[7.827s] [34mcolcon.colcon_core.shell[0m [1;30mINFO[0m Creating prefix chain script '/project/ai-drone-ws/install/setup.sh'
[7.878s] [34mcolcon.colcon_core.shell[0m [1;30mINFO[0m Creating prefix script '/project/ai-drone-ws/install/local_setup.bash'
[7.882s] [34mcolcon.colcon_core.shell[0m [1;30mINFO[0m Creating prefix chain script '/project/ai-drone-ws/install/setup.bash'
[7.889s] [34mcolcon.colcon_core.shell[0m [1;30mINFO[0m Creating prefix script '/project/ai-drone-ws/install/local_setup.zsh'
[7.892s] [34mcolcon.colcon_core.shell[0m [1;30mINFO[0m Creating prefix chain script '/project/ai-drone-ws/install/setup.zsh'
