[2.675s] Invoking command in '/project/ai-drone-ws/src/ai_drone': PYTHONPATH=/project/ai-drone-ws/build/ai_drone/prefix_override:/usr/lib/python3/dist-packages/colcon_core/task/python/colcon_distutils_commands:/project/ai-drone-ws/install/ai_drone/lib/python3.8/site-packages:${PYTHONPATH} /usr/bin/python3 -W ignore:setup.py install is deprecated -W ignore:easy_install command is deprecated setup.py egg_info --egg-base ../../build/ai_drone build --build-base /project/ai-drone-ws/build/ai_drone/build install --record /project/ai-drone-ws/build/ai_drone/install.log --install-scripts $base/lib/ai_drone --single-version-externally-managed install_data
[3.577s] running egg_info
[3.581s] writing ../../build/ai_drone/ai_drone.egg-info/PKG-INFO
[3.582s] writing dependency_links to ../../build/ai_drone/ai_drone.egg-info/dependency_links.txt
[3.583s] writing entry points to ../../build/ai_drone/ai_drone.egg-info/entry_points.txt
[3.583s] writing top-level names to ../../build/ai_drone/ai_drone.egg-info/top_level.txt
[3.738s] reading manifest file '../../build/ai_drone/ai_drone.egg-info/SOURCES.txt'
[3.742s] writing manifest file '../../build/ai_drone/ai_drone.egg-info/SOURCES.txt'
[3.743s] running build
[3.743s] running build_py
[3.744s] copying ai_drone/flask_streamer.py -> /project/ai-drone-ws/build/ai_drone/build/lib/ai_drone
[3.745s] copying ai_drone/telemetryDecoder.py -> /project/ai-drone-ws/build/ai_drone/build/lib/ai_drone
[3.746s] copying ai_drone/telemetry_acquire.py -> /project/ai-drone-ws/build/ai_drone/build/lib/ai_drone
[3.748s] running install
[3.751s] running install_lib
[3.755s] copying /project/ai-drone-ws/build/ai_drone/build/lib/ai_drone/flask_streamer.py -> /project/ai-drone-ws/install/ai_drone/lib/python3.8/site-packages/ai_drone
[3.756s] copying /project/ai-drone-ws/build/ai_drone/build/lib/ai_drone/telemetryDecoder.py -> /project/ai-drone-ws/install/ai_drone/lib/python3.8/site-packages/ai_drone
[3.758s] copying /project/ai-drone-ws/build/ai_drone/build/lib/ai_drone/telemetry_acquire.py -> /project/ai-drone-ws/install/ai_drone/lib/python3.8/site-packages/ai_drone
[3.760s] byte-compiling /project/ai-drone-ws/install/ai_drone/lib/python3.8/site-packages/ai_drone/flask_streamer.py to flask_streamer.cpython-38.pyc
[3.770s] byte-compiling /project/ai-drone-ws/install/ai_drone/lib/python3.8/site-packages/ai_drone/telemetryDecoder.py to telemetryDecoder.cpython-38.pyc
[3.773s] byte-compiling /project/ai-drone-ws/install/ai_drone/lib/python3.8/site-packages/ai_drone/telemetry_acquire.py to telemetry_acquire.cpython-38.pyc
[3.777s] running install_data
[3.778s] running install_egg_info
[3.784s] removing '/project/ai-drone-ws/install/ai_drone/lib/python3.8/site-packages/ai_drone-0.1.0-py3.8.egg-info' (and everything under it)
[3.785s] Copying ../../build/ai_drone/ai_drone.egg-info to /project/ai-drone-ws/install/ai_drone/lib/python3.8/site-packages/ai_drone-0.1.0-py3.8.egg-info
[3.788s] running install_scripts
[3.853s] Installing flask_streamer script to /project/ai-drone-ws/install/ai_drone/lib/ai_drone
[3.854s] Installing overlay_node script to /project/ai-drone-ws/install/ai_drone/lib/ai_drone
[3.854s] Installing process_perception script to /project/ai-drone-ws/install/ai_drone/lib/ai_drone
[3.855s] Installing telemetry_acquire script to /project/ai-drone-ws/install/ai_drone/lib/ai_drone
[3.855s] Installing tracker_node script to /project/ai-drone-ws/install/ai_drone/lib/ai_drone
[3.856s] Installing video_acquire_ros2 script to /project/ai-drone-ws/install/ai_drone/lib/ai_drone
[3.856s] Installing yolo_trt_node script to /project/ai-drone-ws/install/ai_drone/lib/ai_drone
[3.857s] writing list of installed files to '/project/ai-drone-ws/build/ai_drone/install.log'
[3.953s] Invoked command in '/project/ai-drone-ws/src/ai_drone' returned '0': PYTHONPATH=/project/ai-drone-ws/build/ai_drone/prefix_override:/usr/lib/python3/dist-packages/colcon_core/task/python/colcon_distutils_commands:/project/ai-drone-ws/install/ai_drone/lib/python3.8/site-packages:${PYTHONPATH} /usr/bin/python3 -W ignore:setup.py install is deprecated -W ignore:easy_install command is deprecated setup.py egg_info --egg-base ../../build/ai_drone build --build-base /project/ai-drone-ws/build/ai_drone/build install --record /project/ai-drone-ws/build/ai_drone/install.log --install-scripts $base/lib/ai_drone --single-version-externally-managed install_data
