[2.666s] Invoking command in '/project/ai-drone-ws/src/ai_drone': PYTHONPATH=/project/ai-drone-ws/build/ai_drone/prefix_override:/usr/lib/python3/dist-packages/colcon_core/task/python/colcon_distutils_commands:/project/ai-drone-ws/install/ai_drone/lib/python3.8/site-packages:${PYTHONPATH} /usr/bin/python3 -W ignore:setup.py install is deprecated -W ignore:easy_install command is deprecated setup.py egg_info --egg-base ../../build/ai_drone build --build-base /project/ai-drone-ws/build/ai_drone/build install --record /project/ai-drone-ws/build/ai_drone/install.log --install-scripts $base/lib/ai_drone --single-version-externally-managed install_data
[3.563s] running egg_info
[3.565s] writing ../../build/ai_drone/ai_drone.egg-info/PKG-INFO
[3.566s] writing dependency_links to ../../build/ai_drone/ai_drone.egg-info/dependency_links.txt
[3.567s] writing entry points to ../../build/ai_drone/ai_drone.egg-info/entry_points.txt
[3.567s] writing top-level names to ../../build/ai_drone/ai_drone.egg-info/top_level.txt
[3.722s] reading manifest file '../../build/ai_drone/ai_drone.egg-info/SOURCES.txt'
[3.726s] writing manifest file '../../build/ai_drone/ai_drone.egg-info/SOURCES.txt'
[3.727s] running build
[3.727s] running build_py
[3.728s] copying ai_drone/process_perception.py -> /project/ai-drone-ws/build/ai_drone/build/lib/ai_drone
[3.728s] copying ai_drone/flask_streamer.py -> /project/ai-drone-ws/build/ai_drone/build/lib/ai_drone
[3.729s] copying ai_drone/overlay_node.py -> /project/ai-drone-ws/build/ai_drone/build/lib/ai_drone
[3.731s] copying ai_drone/telemetry_acquire.py -> /project/ai-drone-ws/build/ai_drone/build/lib/ai_drone
[3.735s] running install
[3.738s] running install_lib
[3.741s] copying /project/ai-drone-ws/build/ai_drone/build/lib/ai_drone/process_perception.py -> /project/ai-drone-ws/install/ai_drone/lib/python3.8/site-packages/ai_drone
[3.742s] copying /project/ai-drone-ws/build/ai_drone/build/lib/ai_drone/flask_streamer.py -> /project/ai-drone-ws/install/ai_drone/lib/python3.8/site-packages/ai_drone
[3.743s] copying /project/ai-drone-ws/build/ai_drone/build/lib/ai_drone/overlay_node.py -> /project/ai-drone-ws/install/ai_drone/lib/python3.8/site-packages/ai_drone
[3.744s] copying /project/ai-drone-ws/build/ai_drone/build/lib/ai_drone/telemetry_acquire.py -> /project/ai-drone-ws/install/ai_drone/lib/python3.8/site-packages/ai_drone
[3.746s] byte-compiling /project/ai-drone-ws/install/ai_drone/lib/python3.8/site-packages/ai_drone/process_perception.py to process_perception.cpython-38.pyc
[3.756s] byte-compiling /project/ai-drone-ws/install/ai_drone/lib/python3.8/site-packages/ai_drone/flask_streamer.py to flask_streamer.cpython-38.pyc
[3.760s] byte-compiling /project/ai-drone-ws/install/ai_drone/lib/python3.8/site-packages/ai_drone/overlay_node.py to overlay_node.cpython-38.pyc
[3.767s] byte-compiling /project/ai-drone-ws/install/ai_drone/lib/python3.8/site-packages/ai_drone/telemetry_acquire.py to telemetry_acquire.cpython-38.pyc
[3.771s] running install_data
[3.772s] running install_egg_info
[3.778s] removing '/project/ai-drone-ws/install/ai_drone/lib/python3.8/site-packages/ai_drone-0.1.0-py3.8.egg-info' (and everything under it)
[3.779s] Copying ../../build/ai_drone/ai_drone.egg-info to /project/ai-drone-ws/install/ai_drone/lib/python3.8/site-packages/ai_drone-0.1.0-py3.8.egg-info
[3.782s] running install_scripts
[3.847s] Installing flask_streamer script to /project/ai-drone-ws/install/ai_drone/lib/ai_drone
[3.847s] Installing overlay_node script to /project/ai-drone-ws/install/ai_drone/lib/ai_drone
[3.848s] Installing process_perception script to /project/ai-drone-ws/install/ai_drone/lib/ai_drone
[3.848s] Installing telemetry_acquire script to /project/ai-drone-ws/install/ai_drone/lib/ai_drone
[3.849s] Installing tracker_node script to /project/ai-drone-ws/install/ai_drone/lib/ai_drone
[3.849s] Installing video_acquire_ros2 script to /project/ai-drone-ws/install/ai_drone/lib/ai_drone
[3.850s] Installing yolo_trt_node script to /project/ai-drone-ws/install/ai_drone/lib/ai_drone
[3.851s] writing list of installed files to '/project/ai-drone-ws/build/ai_drone/install.log'
[3.952s] Invoked command in '/project/ai-drone-ws/src/ai_drone' returned '0': PYTHONPATH=/project/ai-drone-ws/build/ai_drone/prefix_override:/usr/lib/python3/dist-packages/colcon_core/task/python/colcon_distutils_commands:/project/ai-drone-ws/install/ai_drone/lib/python3.8/site-packages:${PYTHONPATH} /usr/bin/python3 -W ignore:setup.py install is deprecated -W ignore:easy_install command is deprecated setup.py egg_info --egg-base ../../build/ai_drone build --build-base /project/ai-drone-ws/build/ai_drone/build install --record /project/ai-drone-ws/build/ai_drone/install.log --install-scripts $base/lib/ai_drone --single-version-externally-managed install_data
