[3.062s] Invoking command in '/project/ai-drone-ws/src/ai_drone': PYTHONPATH=/project/ai-drone-ws/build/ai_drone/prefix_override:/usr/lib/python3/dist-packages/colcon_core/task/python/colcon_distutils_commands:/project/ai-drone-ws/install/ai_drone/lib/python3.8/site-packages:${PYTHONPATH} /usr/bin/python3 -W ignore:setup.py install is deprecated -W ignore:easy_install command is deprecated setup.py egg_info --egg-base ../../build/ai_drone build --build-base /project/ai-drone-ws/build/ai_drone/build install --record /project/ai-drone-ws/build/ai_drone/install.log --install-scripts $base/lib/ai_drone --single-version-externally-managed install_data
[3.960s] running egg_info
[3.964s] writing ../../build/ai_drone/ai_drone.egg-info/PKG-INFO
[3.965s] writing dependency_links to ../../build/ai_drone/ai_drone.egg-info/dependency_links.txt
[3.966s] writing entry points to ../../build/ai_drone/ai_drone.egg-info/entry_points.txt
[3.967s] writing top-level names to ../../build/ai_drone/ai_drone.egg-info/top_level.txt
[4.138s] reading manifest file '../../build/ai_drone/ai_drone.egg-info/SOURCES.txt'
[4.144s] writing manifest file '../../build/ai_drone/ai_drone.egg-info/SOURCES.txt'
[4.145s] running build
[4.145s] running build_py
[4.150s] copying ai_drone/flask_streamer.py -> /project/ai-drone-ws/build/ai_drone/build/lib/ai_drone
[4.151s] copying ai_drone/video_acquire_ros2.py -> /project/ai-drone-ws/build/ai_drone/build/lib/ai_drone
[4.155s] running install
[4.158s] running install_lib
[4.163s] copying /project/ai-drone-ws/build/ai_drone/build/lib/ai_drone/flask_streamer.py -> /project/ai-drone-ws/install/ai_drone/lib/python3.8/site-packages/ai_drone
[4.163s] copying /project/ai-drone-ws/build/ai_drone/build/lib/ai_drone/video_acquire_ros2.py -> /project/ai-drone-ws/install/ai_drone/lib/python3.8/site-packages/ai_drone
[4.168s] byte-compiling /project/ai-drone-ws/install/ai_drone/lib/python3.8/site-packages/ai_drone/flask_streamer.py to flask_streamer.cpython-38.pyc
[4.178s] byte-compiling /project/ai-drone-ws/install/ai_drone/lib/python3.8/site-packages/ai_drone/video_acquire_ros2.py to video_acquire_ros2.cpython-38.pyc
[4.183s] running install_data
[4.187s] running install_egg_info
[4.193s] removing '/project/ai-drone-ws/install/ai_drone/lib/python3.8/site-packages/ai_drone-0.1.0-py3.8.egg-info' (and everything under it)
[4.193s] Copying ../../build/ai_drone/ai_drone.egg-info to /project/ai-drone-ws/install/ai_drone/lib/python3.8/site-packages/ai_drone-0.1.0-py3.8.egg-info
[4.197s] running install_scripts
[4.263s] Installing flask_streamer script to /project/ai-drone-ws/install/ai_drone/lib/ai_drone
[4.265s] Installing overlay_node script to /project/ai-drone-ws/install/ai_drone/lib/ai_drone
[4.266s] Installing process_perception script to /project/ai-drone-ws/install/ai_drone/lib/ai_drone
[4.266s] Installing telemetry_acquire script to /project/ai-drone-ws/install/ai_drone/lib/ai_drone
[4.267s] Installing tracker_node script to /project/ai-drone-ws/install/ai_drone/lib/ai_drone
[4.267s] Installing video_acquire_ros2 script to /project/ai-drone-ws/install/ai_drone/lib/ai_drone
[4.268s] Installing yolo_trt_node script to /project/ai-drone-ws/install/ai_drone/lib/ai_drone
[4.270s] writing list of installed files to '/project/ai-drone-ws/build/ai_drone/install.log'
[4.366s] Invoked command in '/project/ai-drone-ws/src/ai_drone' returned '0': PYTHONPATH=/project/ai-drone-ws/build/ai_drone/prefix_override:/usr/lib/python3/dist-packages/colcon_core/task/python/colcon_distutils_commands:/project/ai-drone-ws/install/ai_drone/lib/python3.8/site-packages:${PYTHONPATH} /usr/bin/python3 -W ignore:setup.py install is deprecated -W ignore:easy_install command is deprecated setup.py egg_info --egg-base ../../build/ai_drone build --build-base /project/ai-drone-ws/build/ai_drone/build install --record /project/ai-drone-ws/build/ai_drone/install.log --install-scripts $base/lib/ai_drone --single-version-externally-managed install_data
