[3.116s] Invoking command in '/project/ai-drone-ws/src/ai_drone': PYTHONPATH=/project/ai-drone-ws/build/ai_drone/prefix_override:/usr/lib/python3/dist-packages/colcon_core/task/python/colcon_distutils_commands:/project/ai-drone-ws/install/ai_drone/lib/python3.8/site-packages:${PYTHONPATH} /usr/bin/python3 -W ignore:setup.py install is deprecated -W ignore:easy_install command is deprecated setup.py egg_info --egg-base ../../build/ai_drone build --build-base /project/ai-drone-ws/build/ai_drone/build install --record /project/ai-drone-ws/build/ai_drone/install.log --install-scripts $base/lib/ai_drone --single-version-externally-managed install_data
[4.018s] running egg_info
[4.021s] writing ../../build/ai_drone/ai_drone.egg-info/PKG-INFO
[4.021s] writing dependency_links to ../../build/ai_drone/ai_drone.egg-info/dependency_links.txt
[4.022s] writing entry points to ../../build/ai_drone/ai_drone.egg-info/entry_points.txt
[4.022s] writing top-level names to ../../build/ai_drone/ai_drone.egg-info/top_level.txt
[4.184s] reading manifest file '../../build/ai_drone/ai_drone.egg-info/SOURCES.txt'
[4.191s] writing manifest file '../../build/ai_drone/ai_drone.egg-info/SOURCES.txt'
[4.191s] running build
[4.191s] running build_py
[4.192s] copying ai_drone/video_acquire_ros2.py -> /project/ai-drone-ws/build/ai_drone/build/lib/ai_drone
[4.195s] running install
[4.198s] running install_lib
[4.203s] copying /project/ai-drone-ws/build/ai_drone/build/lib/ai_drone/video_acquire_ros2.py -> /project/ai-drone-ws/install/ai_drone/lib/python3.8/site-packages/ai_drone
[4.207s] byte-compiling /project/ai-drone-ws/install/ai_drone/lib/python3.8/site-packages/ai_drone/video_acquire_ros2.py to video_acquire_ros2.cpython-38.pyc
[4.216s] running install_data
[4.216s] running install_egg_info
[4.222s] removing '/project/ai-drone-ws/install/ai_drone/lib/python3.8/site-packages/ai_drone-0.1.0-py3.8.egg-info' (and everything under it)
[4.223s] Copying ../../build/ai_drone/ai_drone.egg-info to /project/ai-drone-ws/install/ai_drone/lib/python3.8/site-packages/ai_drone-0.1.0-py3.8.egg-info
[4.227s] running install_scripts
[4.292s] Installing flask_streamer script to /project/ai-drone-ws/install/ai_drone/lib/ai_drone
[4.294s] Installing overlay_node script to /project/ai-drone-ws/install/ai_drone/lib/ai_drone
[4.295s] Installing tracker_node script to /project/ai-drone-ws/install/ai_drone/lib/ai_drone
[4.295s] Installing video_acquire_ros2 script to /project/ai-drone-ws/install/ai_drone/lib/ai_drone
[4.296s] Installing yolo_trt_node script to /project/ai-drone-ws/install/ai_drone/lib/ai_drone
[4.297s] writing list of installed files to '/project/ai-drone-ws/build/ai_drone/install.log'
[4.394s] Invoked command in '/project/ai-drone-ws/src/ai_drone' returned '0': PYTHONPATH=/project/ai-drone-ws/build/ai_drone/prefix_override:/usr/lib/python3/dist-packages/colcon_core/task/python/colcon_distutils_commands:/project/ai-drone-ws/install/ai_drone/lib/python3.8/site-packages:${PYTHONPATH} /usr/bin/python3 -W ignore:setup.py install is deprecated -W ignore:easy_install command is deprecated setup.py egg_info --egg-base ../../build/ai_drone build --build-base /project/ai-drone-ws/build/ai_drone/build install --record /project/ai-drone-ws/build/ai_drone/install.log --install-scripts $base/lib/ai_drone --single-version-externally-managed install_data
