running develop
running egg_info
writing ai_drone.egg-info/PKG-INFO
writing dependency_links to ai_drone.egg-info/dependency_links.txt
writing entry points to ai_drone.egg-info/entry_points.txt
writing top-level names to ai_drone.egg-info/top_level.txt
reading manifest file 'ai_drone.egg-info/SOURCES.txt'
writing manifest file 'ai_drone.egg-info/SOURCES.txt'
running build_ext
Creating /project/ai-drone-ws/install/ai_drone/lib/python3.8/site-packages/ai-drone.egg-link (link to .)
Installing flask_streamer script to /project/ai-drone-ws/install/ai_drone/lib/ai_drone
Installing overlay_node script to /project/ai-drone-ws/install/ai_drone/lib/ai_drone
Installing process_perception script to /project/ai-drone-ws/install/ai_drone/lib/ai_drone
Installing telemetry_acquire script to /project/ai-drone-ws/install/ai_drone/lib/ai_drone
Installing tracker_node script to /project/ai-drone-ws/install/ai_drone/lib/ai_drone
Installing video_acquire_ros2 script to /project/ai-drone-ws/install/ai_drone/lib/ai_drone
Installing yolo_trt_node script to /project/ai-drone-ws/install/ai_drone/lib/ai_drone

Installed /project/ai-drone-ws/build/ai_drone
running symlink_data
symbolically linking /project/ai-drone-ws/build/ai_drone/resource/ai_drone -> /project/ai-drone-ws/install/ai_drone/share/ament_index/resource_index/packages
symbolically linking /project/ai-drone-ws/build/ai_drone/package.xml -> /project/ai-drone-ws/install/ai_drone/share/ai_drone
symbolically linking /project/ai-drone-ws/build/ai_drone/launch/bringup.launch.py -> /project/ai-drone-ws/install/ai_drone/share/ai_drone/launch
symbolically linking /project/ai-drone-ws/build/ai_drone/ai_drone/.env -> /project/ai-drone-ws/install/ai_drone/share/ai_drone
