[3.090s] Invoking command in '/project/ai-drone-ws/build/ai_drone': PYTHONPATH=/project/ai-drone-ws/build/ai_drone/prefix_override:/usr/lib/python3/dist-packages/colcon_core/task/python/colcon_distutils_commands:/project/ai-drone-ws/install/ai_drone/lib/python3.8/site-packages:${PYTHONPATH} /usr/bin/python3 -W ignore:setup.py install is deprecated -W ignore:easy_install command is deprecated setup.py develop --editable --build-directory /project/ai-drone-ws/build/ai_drone/build --no-deps symlink_data --force
[4.067s] running develop
[4.642s] running egg_info
[4.644s] writing ai_drone.egg-info/PKG-INFO
[4.646s] writing dependency_links to ai_drone.egg-info/dependency_links.txt
[4.646s] writing entry points to ai_drone.egg-info/entry_points.txt
[4.647s] writing top-level names to ai_drone.egg-info/top_level.txt
[4.814s] reading manifest file 'ai_drone.egg-info/SOURCES.txt'
[4.820s] writing manifest file 'ai_drone.egg-info/SOURCES.txt'
[4.976s] running build_ext
[4.981s] Creating /project/ai-drone-ws/install/ai_drone/lib/python3.8/site-packages/ai-drone.egg-link (link to .)
[4.984s] Installing flask_streamer script to /project/ai-drone-ws/install/ai_drone/lib/ai_drone
[4.985s] Installing overlay_node script to /project/ai-drone-ws/install/ai_drone/lib/ai_drone
[4.985s] Installing process_perception script to /project/ai-drone-ws/install/ai_drone/lib/ai_drone
[4.986s] Installing telemetry_acquire script to /project/ai-drone-ws/install/ai_drone/lib/ai_drone
[4.986s] Installing tracker_node script to /project/ai-drone-ws/install/ai_drone/lib/ai_drone
[4.987s] Installing video_acquire_ros2 script to /project/ai-drone-ws/install/ai_drone/lib/ai_drone
[4.987s] Installing yolo_trt_node script to /project/ai-drone-ws/install/ai_drone/lib/ai_drone
[4.988s] 
[4.988s] Installed /project/ai-drone-ws/build/ai_drone
[4.989s] running symlink_data
[4.989s] symbolically linking /project/ai-drone-ws/build/ai_drone/resource/ai_drone -> /project/ai-drone-ws/install/ai_drone/share/ament_index/resource_index/packages
[4.989s] symbolically linking /project/ai-drone-ws/build/ai_drone/package.xml -> /project/ai-drone-ws/install/ai_drone/share/ai_drone
[4.990s] symbolically linking /project/ai-drone-ws/build/ai_drone/launch/bringup.launch.py -> /project/ai-drone-ws/install/ai_drone/share/ai_drone/launch
[4.990s] symbolically linking /project/ai-drone-ws/build/ai_drone/ai_drone/.env -> /project/ai-drone-ws/install/ai_drone/share/ai_drone
[5.113s] Invoked command in '/project/ai-drone-ws/build/ai_drone' returned '0': PYTHONPATH=/project/ai-drone-ws/build/ai_drone/prefix_override:/usr/lib/python3/dist-packages/colcon_core/task/python/colcon_distutils_commands:/project/ai-drone-ws/install/ai_drone/lib/python3.8/site-packages:${PYTHONPATH} /usr/bin/python3 -W ignore:setup.py install is deprecated -W ignore:easy_install command is deprecated setup.py develop --editable --build-directory /project/ai-drone-ws/build/ai_drone/build --no-deps symlink_data --force
