[2.336s] [34mcolcon[0m [1;30mDEBUG[0m [32mCommand line arguments: ['/usr/bin/colcon', 'build', '--packages-select', 'ai_drone'][0m
[2.336s] [34mcolcon[0m [1;30mDEBUG[0m [32mParsed command line arguments: Namespace(allow_overriding=[], ament_cmake_args=None, base_paths=['.'], build_base='build', catkin_cmake_args=None, catkin_skip_building_tests=False, cmake_args=None, cmake_clean_cache=False, cmake_clean_first=False, cmake_force_configure=False, cmake_target=None, cmake_target_skip_unavailable=False, continue_on_error=False, event_handlers=None, executor='parallel', ignore_user_meta=False, install_base='install', log_base=None, log_level=None, main=<bound method BuildVerb.main of <colcon_core.verb.build.BuildVerb object at 0x7f957e35b0>>, merge_install=False, metas=['./colcon.meta'], packages_above=None, packages_above_and_dependencies=None, packages_above_depth=None, packages_end=None, packages_ignore=None, packages_ignore_regex=None, packages_select=['ai_drone'], packages_select_build_failed=False, packages_select_by_dep=None, packages_select_regex=None, packages_select_test_failures=False, packages_skip=None, packages_skip_build_finished=False, packages_skip_by_dep=None, packages_skip_regex=None, packages_skip_test_passed=False, packages_skip_up_to=None, packages_start=None, packages_up_to=None, packages_up_to_regex=None, parallel_workers=4, paths=None, symlink_install=False, test_result_base=None, verb_extension=<colcon_core.verb.build.BuildVerb object at 0x7f957e35b0>, verb_name='build', verb_parser=<colcon_defaults.argument_parser.defaults.DefaultArgumentsDecorator object at 0x7f95771c70>)[0m
[3.139s] [34mcolcon.colcon_core.package_discovery[0m [1;30mLevel 1[0m discover_packages(colcon_meta) check parameters
[3.139s] [34mcolcon.colcon_core.package_discovery[0m [1;30mLevel 1[0m discover_packages(recursive) check parameters
[3.139s] [34mcolcon.colcon_core.package_discovery[0m [1;30mLevel 1[0m discover_packages(ignore) check parameters
[3.139s] [34mcolcon.colcon_core.package_discovery[0m [1;30mLevel 1[0m discover_packages(path) check parameters
[3.139s] [34mcolcon.colcon_core.package_discovery[0m [1;30mLevel 1[0m discover_packages(colcon_meta) discover
[3.140s] [34mcolcon.colcon_core.package_discovery[0m [1;30mLevel 1[0m discover_packages(recursive) discover
[3.140s] [34mcolcon.colcon_core.package_discovery[0m [1;30mINFO[0m Crawling recursively for packages in '/project/ai-drone-ws'
[3.140s] [34mcolcon.colcon_core.package_identification[0m [1;30mLevel 1[0m _identify(.) by extensions ['ignore', 'ignore_ament_install']
[3.141s] [34mcolcon.colcon_core.package_identification[0m [1;30mLevel 1[0m _identify(.) by extension 'ignore'
[3.141s] [34mcolcon.colcon_core.package_identification[0m [1;30mLevel 1[0m _identify(.) by extension 'ignore_ament_install'
[3.141s] [34mcolcon.colcon_core.package_identification[0m [1;30mLevel 1[0m _identify(.) by extensions ['colcon_pkg']
[3.141s] [34mcolcon.colcon_core.package_identification[0m [1;30mLevel 1[0m _identify(.) by extension 'colcon_pkg'
[3.141s] [34mcolcon.colcon_core.package_identification[0m [1;30mLevel 1[0m _identify(.) by extensions ['colcon_meta']
[3.142s] [34mcolcon.colcon_core.package_identification[0m [1;30mLevel 1[0m _identify(.) by extension 'colcon_meta'
[3.142s] [34mcolcon.colcon_core.package_identification[0m [1;30mLevel 1[0m _identify(.) by extensions ['ros']
[3.142s] [34mcolcon.colcon_core.package_identification[0m [1;30mLevel 1[0m _identify(.) by extension 'ros'
[3.275s] [34mcolcon.colcon_core.package_identification[0m [1;30mLevel 1[0m _identify(.) by extensions ['cmake', 'python']
[3.276s] [34mcolcon.colcon_core.package_identification[0m [1;30mLevel 1[0m _identify(.) by extension 'cmake'
[3.276s] [34mcolcon.colcon_core.package_identification[0m [1;30mLevel 1[0m _identify(.) by extension 'python'
[3.276s] [34mcolcon.colcon_core.package_identification[0m [1;30mLevel 1[0m _identify(.) by extensions ['python_setup_py']
[3.276s] [34mcolcon.colcon_core.package_identification[0m [1;30mLevel 1[0m _identify(.) by extension 'python_setup_py'
[3.277s] [34mcolcon.colcon_core.package_identification[0m [1;30mLevel 1[0m _identify(build) by extensions ['ignore', 'ignore_ament_install']
[3.277s] [34mcolcon.colcon_core.package_identification[0m [1;30mLevel 1[0m _identify(build) by extension 'ignore'
[3.277s] [34mcolcon.colcon_core.package_identification[0m [1;30mLevel 1[0m _identify(build) ignored
[3.278s] [34mcolcon.colcon_core.package_identification[0m [1;30mLevel 1[0m _identify(install) by extensions ['ignore', 'ignore_ament_install']
[3.278s] [34mcolcon.colcon_core.package_identification[0m [1;30mLevel 1[0m _identify(install) by extension 'ignore'
[3.278s] [34mcolcon.colcon_core.package_identification[0m [1;30mLevel 1[0m _identify(install) ignored
[3.279s] [34mcolcon.colcon_core.package_identification[0m [1;30mLevel 1[0m _identify(log) by extensions ['ignore', 'ignore_ament_install']
[3.279s] [34mcolcon.colcon_core.package_identification[0m [1;30mLevel 1[0m _identify(log) by extension 'ignore'
[3.279s] [34mcolcon.colcon_core.package_identification[0m [1;30mLevel 1[0m _identify(log) ignored
[3.280s] [34mcolcon.colcon_core.package_identification[0m [1;30mLevel 1[0m _identify(src) by extensions ['ignore', 'ignore_ament_install']
[3.280s] [34mcolcon.colcon_core.package_identification[0m [1;30mLevel 1[0m _identify(src) by extension 'ignore'
[3.280s] [34mcolcon.colcon_core.package_identification[0m [1;30mLevel 1[0m _identify(src) by extension 'ignore_ament_install'
[3.281s] [34mcolcon.colcon_core.package_identification[0m [1;30mLevel 1[0m _identify(src) by extensions ['colcon_pkg']
[3.281s] [34mcolcon.colcon_core.package_identification[0m [1;30mLevel 1[0m _identify(src) by extension 'colcon_pkg'
[3.281s] [34mcolcon.colcon_core.package_identification[0m [1;30mLevel 1[0m _identify(src) by extensions ['colcon_meta']
[3.281s] [34mcolcon.colcon_core.package_identification[0m [1;30mLevel 1[0m _identify(src) by extension 'colcon_meta'
[3.281s] [34mcolcon.colcon_core.package_identification[0m [1;30mLevel 1[0m _identify(src) by extensions ['ros']
[3.281s] [34mcolcon.colcon_core.package_identification[0m [1;30mLevel 1[0m _identify(src) by extension 'ros'
[3.282s] [34mcolcon.colcon_core.package_identification[0m [1;30mLevel 1[0m _identify(src) by extensions ['cmake', 'python']
[3.282s] [34mcolcon.colcon_core.package_identification[0m [1;30mLevel 1[0m _identify(src) by extension 'cmake'
[3.282s] [34mcolcon.colcon_core.package_identification[0m [1;30mLevel 1[0m _identify(src) by extension 'python'
[3.282s] [34mcolcon.colcon_core.package_identification[0m [1;30mLevel 1[0m _identify(src) by extensions ['python_setup_py']
[3.283s] [34mcolcon.colcon_core.package_identification[0m [1;30mLevel 1[0m _identify(src) by extension 'python_setup_py'
[3.283s] [34mcolcon.colcon_core.package_identification[0m [1;30mLevel 1[0m _identify(src/ai_drone) by extensions ['ignore', 'ignore_ament_install']
[3.283s] [34mcolcon.colcon_core.package_identification[0m [1;30mLevel 1[0m _identify(src/ai_drone) by extension 'ignore'
[3.283s] [34mcolcon.colcon_core.package_identification[0m [1;30mLevel 1[0m _identify(src/ai_drone) by extension 'ignore_ament_install'
[3.284s] [34mcolcon.colcon_core.package_identification[0m [1;30mLevel 1[0m _identify(src/ai_drone) by extensions ['colcon_pkg']
[3.284s] [34mcolcon.colcon_core.package_identification[0m [1;30mLevel 1[0m _identify(src/ai_drone) by extension 'colcon_pkg'
[3.284s] [34mcolcon.colcon_core.package_identification[0m [1;30mLevel 1[0m _identify(src/ai_drone) by extensions ['colcon_meta']
[3.284s] [34mcolcon.colcon_core.package_identification[0m [1;30mLevel 1[0m _identify(src/ai_drone) by extension 'colcon_meta'
[3.284s] [34mcolcon.colcon_core.package_identification[0m [1;30mLevel 1[0m _identify(src/ai_drone) by extensions ['ros']
[3.285s] [34mcolcon.colcon_core.package_identification[0m [1;30mLevel 1[0m _identify(src/ai_drone) by extension 'ros'
[3.305s] [34mcolcon.colcon_core.package_identification[0m [1;30mDEBUG[0m [32mPackage 'src/ai_drone' with type 'ros.ament_python' and name 'ai_drone'[0m
[3.313s] [34mcolcon.colcon_core.package_identification[0m [1;30mLevel 1[0m _identify(src/build) by extensions ['ignore', 'ignore_ament_install']
[3.314s] [34mcolcon.colcon_core.package_identification[0m [1;30mLevel 1[0m _identify(src/build) by extension 'ignore'
[3.314s] [34mcolcon.colcon_core.package_identification[0m [1;30mLevel 1[0m _identify(src/build) ignored
[3.315s] [34mcolcon.colcon_core.package_identification[0m [1;30mLevel 1[0m _identify(src/install) by extensions ['ignore', 'ignore_ament_install']
[3.315s] [34mcolcon.colcon_core.package_identification[0m [1;30mLevel 1[0m _identify(src/install) by extension 'ignore'
[3.315s] [34mcolcon.colcon_core.package_identification[0m [1;30mLevel 1[0m _identify(src/install) ignored
[3.316s] [34mcolcon.colcon_core.package_identification[0m [1;30mLevel 1[0m _identify(src/log) by extensions ['ignore', 'ignore_ament_install']
[3.317s] [34mcolcon.colcon_core.package_identification[0m [1;30mLevel 1[0m _identify(src/log) by extension 'ignore'
[3.317s] [34mcolcon.colcon_core.package_identification[0m [1;30mLevel 1[0m _identify(src/log) ignored
[3.317s] [34mcolcon.colcon_core.package_discovery[0m [1;30mLevel 1[0m discover_packages(recursive) using defaults
[3.317s] [34mcolcon.colcon_core.package_discovery[0m [1;30mLevel 1[0m discover_packages(ignore) discover
[3.317s] [34mcolcon.colcon_core.package_discovery[0m [1;30mLevel 1[0m discover_packages(ignore) using defaults
[3.317s] [34mcolcon.colcon_core.package_discovery[0m [1;30mLevel 1[0m discover_packages(path) discover
[3.318s] [34mcolcon.colcon_core.package_discovery[0m [1;30mLevel 1[0m discover_packages(path) using defaults
[3.471s] [34mcolcon.colcon_core.package_discovery[0m [1;30mLevel 1[0m discover_packages(prefix_path) check parameters
[3.471s] [34mcolcon.colcon_core.package_discovery[0m [1;30mLevel 1[0m discover_packages(prefix_path) discover
[3.486s] [34mcolcon.colcon_installed_package_information.package_discovery[0m [1;30mDEBUG[0m [32mFound 1 installed packages in /project/ai-drone-ws/install[0m
[3.498s] [34mcolcon.colcon_installed_package_information.package_discovery[0m [1;30mDEBUG[0m [32mFound 257 installed packages in /opt/ros/foxy[0m
[3.506s] [34mcolcon.colcon_core.package_discovery[0m [1;30mLevel 1[0m discover_packages(prefix_path) using defaults
[4.152s] [34mcolcon.colcon_core.verb[0m [1;30mLevel 5[0m set package 'ai_drone' build argument 'cmake_args' from command line to 'None'
[4.153s] [34mcolcon.colcon_core.verb[0m [1;30mLevel 5[0m set package 'ai_drone' build argument 'cmake_target' from command line to 'None'
[4.153s] [34mcolcon.colcon_core.verb[0m [1;30mLevel 5[0m set package 'ai_drone' build argument 'cmake_target_skip_unavailable' from command line to 'False'
[4.153s] [34mcolcon.colcon_core.verb[0m [1;30mLevel 5[0m set package 'ai_drone' build argument 'cmake_clean_cache' from command line to 'False'
[4.153s] [34mcolcon.colcon_core.verb[0m [1;30mLevel 5[0m set package 'ai_drone' build argument 'cmake_clean_first' from command line to 'False'
[4.153s] [34mcolcon.colcon_core.verb[0m [1;30mLevel 5[0m set package 'ai_drone' build argument 'cmake_force_configure' from command line to 'False'
[4.153s] [34mcolcon.colcon_core.verb[0m [1;30mLevel 5[0m set package 'ai_drone' build argument 'ament_cmake_args' from command line to 'None'
[4.153s] [34mcolcon.colcon_core.verb[0m [1;30mLevel 5[0m set package 'ai_drone' build argument 'catkin_cmake_args' from command line to 'None'
[4.153s] [34mcolcon.colcon_core.verb[0m [1;30mLevel 5[0m set package 'ai_drone' build argument 'catkin_skip_building_tests' from command line to 'False'
[4.154s] [34mcolcon.colcon_core.verb[0m [1;30mDEBUG[0m [32mBuilding package 'ai_drone' with the following arguments: {'ament_cmake_args': None, 'build_base': '/project/ai-drone-ws/build/ai_drone', 'catkin_cmake_args': None, 'catkin_skip_building_tests': False, 'cmake_args': None, 'cmake_clean_cache': False, 'cmake_clean_first': False, 'cmake_force_configure': False, 'cmake_target': None, 'cmake_target_skip_unavailable': False, 'install_base': '/project/ai-drone-ws/install/ai_drone', 'merge_install': False, 'path': '/project/ai-drone-ws/src/ai_drone', 'symlink_install': False, 'test_result_base': None}[0m
[4.154s] [34mcolcon.colcon_core.executor[0m [1;30mINFO[0m Executing jobs using 'parallel' executor
[4.158s] [34mcolcon.colcon_parallel_executor.executor.parallel[0m [1;30mDEBUG[0m [32mrun_until_complete[0m
[4.160s] [34mcolcon.colcon_ros.task.ament_python.build[0m [1;30mINFO[0m Building ROS package in '/project/ai-drone-ws/src/ai_drone' with build type 'ament_python'
[4.160s] [34mcolcon.colcon_core.shell[0m [1;30mLevel 1[0m create_environment_hook('ai_drone', 'ament_prefix_path')
[4.179s] [34mcolcon.colcon_core.plugin_system[0m [1;30mINFO[0m Skipping extension 'colcon_core.shell.bat': Not used on non-Windows systems
[4.180s] [34mcolcon.colcon_core.shell[0m [1;30mINFO[0m Creating environment hook '/project/ai-drone-ws/install/ai_drone/share/ai_drone/hook/ament_prefix_path.ps1'
[4.184s] [34mcolcon.colcon_core.shell[0m [1;30mINFO[0m Creating environment descriptor '/project/ai-drone-ws/install/ai_drone/share/ai_drone/hook/ament_prefix_path.dsv'
[4.188s] [34mcolcon.colcon_core.shell[0m [1;30mINFO[0m Creating environment hook '/project/ai-drone-ws/install/ai_drone/share/ai_drone/hook/ament_prefix_path.sh'
[4.192s] [34mcolcon.colcon_core.shell[0m [1;30mINFO[0m Skip shell extension 'powershell' for command environment: Not usable outside of PowerShell
[4.193s] [34mcolcon.colcon_core.shell[0m [1;30mDEBUG[0m [32mSkip shell extension 'dsv' for command environment[0m
[5.230s] [34mcolcon.colcon_core.task.python.build[0m [1;30mINFO[0m Building Python package in '/project/ai-drone-ws/src/ai_drone'
[5.232s] [34mcolcon.colcon_core.shell[0m [1;30mINFO[0m Skip shell extension 'powershell' for command environment: Not usable outside of PowerShell
[5.233s] [34mcolcon.colcon_core.shell[0m [1;30mDEBUG[0m [32mSkip shell extension 'dsv' for command environment[0m
[7.218s] [34mcolcon.colcon_core.event_handler.log_command[0m [1;30mDEBUG[0m [32mInvoking command in '/project/ai-drone-ws/src/ai_drone': PYTHONPATH=/project/ai-drone-ws/build/ai_drone/prefix_override:/usr/lib/python3/dist-packages/colcon_core/task/python/colcon_distutils_commands:/project/ai-drone-ws/install/ai_drone/lib/python3.8/site-packages:${PYTHONPATH} /usr/bin/python3 -W ignore:setup.py install is deprecated -W ignore:easy_install command is deprecated setup.py egg_info --egg-base ../../build/ai_drone build --build-base /project/ai-drone-ws/build/ai_drone/build install --record /project/ai-drone-ws/build/ai_drone/install.log --install-scripts $base/lib/ai_drone --single-version-externally-managed install_data[0m
[8.539s] [34mcolcon.colcon_core.event_handler.log_command[0m [1;30mDEBUG[0m [32mInvoked command in '/project/ai-drone-ws/src/ai_drone' returned '0': PYTHONPATH=/project/ai-drone-ws/build/ai_drone/prefix_override:/usr/lib/python3/dist-packages/colcon_core/task/python/colcon_distutils_commands:/project/ai-drone-ws/install/ai_drone/lib/python3.8/site-packages:${PYTHONPATH} /usr/bin/python3 -W ignore:setup.py install is deprecated -W ignore:easy_install command is deprecated setup.py egg_info --egg-base ../../build/ai_drone build --build-base /project/ai-drone-ws/build/ai_drone/build install --record /project/ai-drone-ws/build/ai_drone/install.log --install-scripts $base/lib/ai_drone --single-version-externally-managed install_data[0m
[8.565s] [34mcolcon.colcon_core.environment[0m [1;30mLevel 1[0m checking '/project/ai-drone-ws/install/ai_drone' for CMake module files
[8.568s] [34mcolcon.colcon_core.environment[0m [1;30mLevel 1[0m checking '/project/ai-drone-ws/install/ai_drone' for CMake config files
[8.574s] [34mcolcon.colcon_core.environment[0m [1;30mLevel 1[0m checking '/project/ai-drone-ws/install/ai_drone/lib'
[8.574s] [34mcolcon.colcon_core.environment[0m [1;30mLevel 1[0m checking '/project/ai-drone-ws/install/ai_drone/bin'
[8.575s] [34mcolcon.colcon_core.environment[0m [1;30mLevel 1[0m checking '/project/ai-drone-ws/install/ai_drone/lib/pkgconfig/ai_drone.pc'
[8.576s] [34mcolcon.colcon_core.environment[0m [1;30mLevel 1[0m checking '/project/ai-drone-ws/install/ai_drone/lib/python3.8/site-packages'
[8.576s] [34mcolcon.colcon_core.shell[0m [1;30mLevel 1[0m create_environment_hook('ai_drone', 'pythonpath')
[8.577s] [34mcolcon.colcon_core.shell[0m [1;30mINFO[0m Creating environment hook '/project/ai-drone-ws/install/ai_drone/share/ai_drone/hook/pythonpath.ps1'
[8.579s] [34mcolcon.colcon_core.shell[0m [1;30mINFO[0m Creating environment descriptor '/project/ai-drone-ws/install/ai_drone/share/ai_drone/hook/pythonpath.dsv'
[8.580s] [34mcolcon.colcon_core.shell[0m [1;30mINFO[0m Creating environment hook '/project/ai-drone-ws/install/ai_drone/share/ai_drone/hook/pythonpath.sh'
[8.582s] [34mcolcon.colcon_core.environment[0m [1;30mLevel 1[0m checking '/project/ai-drone-ws/install/ai_drone/bin'
[8.582s] [34mcolcon.colcon_core.environment[0m [1;30mLevel 1[0m create_environment_scripts_only(ai_drone)
[8.584s] [34mcolcon.colcon_core.shell[0m [1;30mINFO[0m Creating package script '/project/ai-drone-ws/install/ai_drone/share/ai_drone/package.ps1'
[8.590s] [34mcolcon.colcon_core.shell[0m [1;30mINFO[0m Creating package descriptor '/project/ai-drone-ws/install/ai_drone/share/ai_drone/package.dsv'
[8.596s] [34mcolcon.colcon_core.shell[0m [1;30mINFO[0m Creating package script '/project/ai-drone-ws/install/ai_drone/share/ai_drone/package.sh'
[8.601s] [34mcolcon.colcon_core.shell[0m [1;30mINFO[0m Creating package script '/project/ai-drone-ws/install/ai_drone/share/ai_drone/package.bash'
[8.607s] [34mcolcon.colcon_core.shell[0m [1;30mINFO[0m Creating package script '/project/ai-drone-ws/install/ai_drone/share/ai_drone/package.zsh'
[8.614s] [34mcolcon.colcon_core.environment[0m [1;30mLevel 1[0m create_file_with_runtime_dependencies(/project/ai-drone-ws/install/ai_drone/share/colcon-core/packages/ai_drone)
[8.615s] [34mcolcon.colcon_parallel_executor.executor.parallel[0m [1;30mDEBUG[0m [32mclosing loop[0m
[8.615s] [34mcolcon.colcon_parallel_executor.executor.parallel[0m [1;30mDEBUG[0m [32mloop closed[0m
[8.616s] [34mcolcon.colcon_parallel_executor.executor.parallel[0m [1;30mDEBUG[0m [32mrun_until_complete finished with '0'[0m
[8.616s] [34mcolcon.colcon_core.event_reactor[0m [1;30mDEBUG[0m [32mjoining thread[0m
[8.659s] [34mcolcon.colcon_core.plugin_system[0m [1;30mINFO[0m Skipping extension 'colcon_notification.desktop_notification.notify_send': Could not find 'notify-send'
[8.659s] [34mcolcon.colcon_core.plugin_system[0m [1;30mINFO[0m Skipping extension 'colcon_notification.desktop_notification.terminal_notifier': Not used on non-Darwin systems
[8.659s] [34mcolcon.colcon_core.plugin_system[0m [1;30mINFO[0m Skipping extension 'colcon_notification.desktop_notification.win32': Not used on non-Windows systems
[8.659s] [34mcolcon.colcon_notification.desktop_notification[0m [1;30mINFO[0m Sending desktop notification using 'notify2'
[8.728s] [34mcolcon.colcon_notification.desktop_notification.notify2[0m [1;30mDEBUG[0m [32mFailed to initialize notify2: org.freedesktop.DBus.Error.Spawn.ExecFailed: /usr/bin/dbus-launch terminated abnormally with the following error: No protocol specified
Autolaunch error: X11 initialization failed.
[0m
[8.729s] [34mcolcon.colcon_core.event_reactor[0m [1;30mDEBUG[0m [32mjoined thread[0m
[8.735s] [34mcolcon.colcon_core.shell[0m [1;30mINFO[0m Creating prefix script '/project/ai-drone-ws/install/local_setup.ps1'
[8.745s] [34mcolcon.colcon_core.shell[0m [1;30mINFO[0m Creating prefix util module '/project/ai-drone-ws/install/_local_setup_util_ps1.py'
[8.758s] [34mcolcon.colcon_core.shell[0m [1;30mINFO[0m Creating prefix chain script '/project/ai-drone-ws/install/setup.ps1'
[8.763s] [34mcolcon.colcon_core.shell[0m [1;30mINFO[0m Creating prefix script '/project/ai-drone-ws/install/local_setup.sh'
[8.768s] [34mcolcon.colcon_core.shell[0m [1;30mINFO[0m Creating prefix util module '/project/ai-drone-ws/install/_local_setup_util_sh.py'
[8.771s] [34mcolcon.colcon_core.shell[0m [1;30mINFO[0m Creating prefix chain script '/project/ai-drone-ws/install/setup.sh'
[8.776s] [34mcolcon.colcon_core.shell[0m [1;30mINFO[0m Creating prefix script '/project/ai-drone-ws/install/local_setup.bash'
[8.784s] [34mcolcon.colcon_core.shell[0m [1;30mINFO[0m Creating prefix chain script '/project/ai-drone-ws/install/setup.bash'
[8.790s] [34mcolcon.colcon_core.shell[0m [1;30mINFO[0m Creating prefix script '/project/ai-drone-ws/install/local_setup.zsh'
[8.794s] [34mcolcon.colcon_core.shell[0m [1;30mINFO[0m Creating prefix chain script '/project/ai-drone-ws/install/setup.zsh'
