[2.669s] Invoking command in '/project/ai-drone-ws/build/ai_drone': PYTHONPATH=/project/ai-drone-ws/build/ai_drone/prefix_override:/usr/lib/python3/dist-packages/colcon_core/task/python/colcon_distutils_commands:/project/ai-drone-ws/install/ai_drone/lib/python3.8/site-packages:${PYTHONPATH} /usr/bin/python3 -W ignore:setup.py install is deprecated -W ignore:easy_install command is deprecated setup.py develop --editable --build-directory /project/ai-drone-ws/build/ai_drone/build --no-deps symlink_data
[3.632s] running develop
[4.195s] running egg_info
[4.196s] creating ai_drone.egg-info
[4.196s] writing ai_drone.egg-info/PKG-INFO
[4.197s] writing dependency_links to ai_drone.egg-info/dependency_links.txt
[4.198s] writing entry points to ai_drone.egg-info/entry_points.txt
[4.198s] writing top-level names to ai_drone.egg-info/top_level.txt
[4.203s] writing manifest file 'ai_drone.egg-info/SOURCES.txt'
[4.346s] reading manifest file 'ai_drone.egg-info/SOURCES.txt'
[4.350s] writing manifest file 'ai_drone.egg-info/SOURCES.txt'
[4.504s] running build_ext
[4.505s] Creating /project/ai-drone-ws/install/ai_drone/lib/python3.8/site-packages/site.py
[4.513s] Creating /project/ai-drone-ws/install/ai_drone/lib/python3.8/site-packages/ai-drone.egg-link (link to .)
[4.516s] Installing flask_streamer script to /project/ai-drone-ws/install/ai_drone/lib/ai_drone
[4.517s] Installing overlay_node script to /project/ai-drone-ws/install/ai_drone/lib/ai_drone
[4.517s] Installing tracker_node script to /project/ai-drone-ws/install/ai_drone/lib/ai_drone
[4.518s] Installing video_acquire_ros2 script to /project/ai-drone-ws/install/ai_drone/lib/ai_drone
[4.518s] Installing yolo_trt_node script to /project/ai-drone-ws/install/ai_drone/lib/ai_drone
[4.519s] 
[4.519s] Installed /project/ai-drone-ws/build/ai_drone
[4.520s] running symlink_data
[4.520s] creating /project/ai-drone-ws/install/ai_drone/share/ament_index
[4.521s] creating /project/ai-drone-ws/install/ai_drone/share/ament_index/resource_index
[4.521s] creating /project/ai-drone-ws/install/ai_drone/share/ament_index/resource_index/packages
[4.522s] symbolically linking /project/ai-drone-ws/build/ai_drone/resource/ai_drone -> /project/ai-drone-ws/install/ai_drone/share/ament_index/resource_index/packages
[4.522s] creating /project/ai-drone-ws/install/ai_drone/share/ai_drone/launch
[4.522s] symbolically linking /project/ai-drone-ws/build/ai_drone/launch/bringup.launch.py -> /project/ai-drone-ws/install/ai_drone/share/ai_drone/launch
[4.523s] creating /project/ai-drone-ws/install/ai_drone/share/ai_drone/models
[4.645s] Invoked command in '/project/ai-drone-ws/build/ai_drone' returned '0': PYTHONPATH=/project/ai-drone-ws/build/ai_drone/prefix_override:/usr/lib/python3/dist-packages/colcon_core/task/python/colcon_distutils_commands:/project/ai-drone-ws/install/ai_drone/lib/python3.8/site-packages:${PYTHONPATH} /usr/bin/python3 -W ignore:setup.py install is deprecated -W ignore:easy_install command is deprecated setup.py develop --editable --build-directory /project/ai-drone-ws/build/ai_drone/build --no-deps symlink_data
