running develop
Removing /project/ai-drone-ws/install/ai_drone/lib/python3.8/site-packages/ai-drone.egg-link (link to .)
running egg_info
writing ../../build/ai_drone/ai_drone.egg-info/PKG-INFO
writing dependency_links to ../../build/ai_drone/ai_drone.egg-info/dependency_links.txt
writing entry points to ../../build/ai_drone/ai_drone.egg-info/entry_points.txt
writing top-level names to ../../build/ai_drone/ai_drone.egg-info/top_level.txt
reading manifest file '../../build/ai_drone/ai_drone.egg-info/SOURCES.txt'
writing manifest file '../../build/ai_drone/ai_drone.egg-info/SOURCES.txt'
running build
running build_py
creating /project/ai-drone-ws/build/ai_drone/build
creating /project/ai-drone-ws/build/ai_drone/build/lib
creating /project/ai-drone-ws/build/ai_drone/build/lib/ai_drone
copying ai_drone/__init__.py -> /project/ai-drone-ws/build/ai_drone/build/lib/ai_drone
copying ai_drone/flask_streamer.py -> /project/ai-drone-ws/build/ai_drone/build/lib/ai_drone
copying ai_drone/video_acquire_ros2.py -> /project/ai-drone-ws/build/ai_drone/build/lib/ai_drone
copying ai_drone/overlay_node.py -> /project/ai-drone-ws/build/ai_drone/build/lib/ai_drone
copying ai_drone/yolo_trt_node.py -> /project/ai-drone-ws/build/ai_drone/build/lib/ai_drone
copying ai_drone/tracker_node.py -> /project/ai-drone-ws/build/ai_drone/build/lib/ai_drone
running install
running install_lib
creating /project/ai-drone-ws/install/ai_drone/lib/python3.8/site-packages/ai_drone
copying /project/ai-drone-ws/build/ai_drone/build/lib/ai_drone/__init__.py -> /project/ai-drone-ws/install/ai_drone/lib/python3.8/site-packages/ai_drone
copying /project/ai-drone-ws/build/ai_drone/build/lib/ai_drone/flask_streamer.py -> /project/ai-drone-ws/install/ai_drone/lib/python3.8/site-packages/ai_drone
copying /project/ai-drone-ws/build/ai_drone/build/lib/ai_drone/video_acquire_ros2.py -> /project/ai-drone-ws/install/ai_drone/lib/python3.8/site-packages/ai_drone
copying /project/ai-drone-ws/build/ai_drone/build/lib/ai_drone/overlay_node.py -> /project/ai-drone-ws/install/ai_drone/lib/python3.8/site-packages/ai_drone
copying /project/ai-drone-ws/build/ai_drone/build/lib/ai_drone/yolo_trt_node.py -> /project/ai-drone-ws/install/ai_drone/lib/python3.8/site-packages/ai_drone
copying /project/ai-drone-ws/build/ai_drone/build/lib/ai_drone/tracker_node.py -> /project/ai-drone-ws/install/ai_drone/lib/python3.8/site-packages/ai_drone
byte-compiling /project/ai-drone-ws/install/ai_drone/lib/python3.8/site-packages/ai_drone/__init__.py to __init__.cpython-38.pyc
byte-compiling /project/ai-drone-ws/install/ai_drone/lib/python3.8/site-packages/ai_drone/flask_streamer.py to flask_streamer.cpython-38.pyc
byte-compiling /project/ai-drone-ws/install/ai_drone/lib/python3.8/site-packages/ai_drone/video_acquire_ros2.py to video_acquire_ros2.cpython-38.pyc
byte-compiling /project/ai-drone-ws/install/ai_drone/lib/python3.8/site-packages/ai_drone/overlay_node.py to overlay_node.cpython-38.pyc
byte-compiling /project/ai-drone-ws/install/ai_drone/lib/python3.8/site-packages/ai_drone/yolo_trt_node.py to yolo_trt_node.cpython-38.pyc
byte-compiling /project/ai-drone-ws/install/ai_drone/lib/python3.8/site-packages/ai_drone/tracker_node.py to tracker_node.cpython-38.pyc
running install_data
copying resource/ai_drone -> /project/ai-drone-ws/install/ai_drone/share/ament_index/resource_index/packages
copying launch/bringup.launch.py -> /project/ai-drone-ws/install/ai_drone/share/ai_drone/launch
running install_egg_info
Copying ../../build/ai_drone/ai_drone.egg-info to /project/ai-drone-ws/install/ai_drone/lib/python3.8/site-packages/ai_drone-0.1.0-py3.8.egg-info
running install_scripts
Installing flask_streamer script to /project/ai-drone-ws/install/ai_drone/lib/ai_drone
Installing overlay_node script to /project/ai-drone-ws/install/ai_drone/lib/ai_drone
Installing tracker_node script to /project/ai-drone-ws/install/ai_drone/lib/ai_drone
Installing video_acquire_ros2 script to /project/ai-drone-ws/install/ai_drone/lib/ai_drone
Installing yolo_trt_node script to /project/ai-drone-ws/install/ai_drone/lib/ai_drone
writing list of installed files to '/project/ai-drone-ws/build/ai_drone/install.log'
