[3.071s] Invoking command in '/project/ai-drone-ws/build/ai_drone': PYTHONPATH=/project/ai-drone-ws/build/ai_drone/prefix_override:/usr/lib/python3/dist-packages/colcon_core/task/python/colcon_distutils_commands:/project/ai-drone-ws/install/ai_drone/lib/python3.8/site-packages:${PYTHONPATH} /usr/bin/python3 -W ignore:setup.py install is deprecated -W ignore:easy_install command is deprecated setup.py develop --uninstall --editable --build-directory /project/ai-drone-ws/build/ai_drone/build
[4.028s] running develop
[4.602s] Removing /project/ai-drone-ws/install/ai_drone/lib/python3.8/site-packages/ai-drone.egg-link (link to .)
[4.698s] Invoked command in '/project/ai-drone-ws/build/ai_drone' returned '0': PYTHONPATH=/project/ai-drone-ws/build/ai_drone/prefix_override:/usr/lib/python3/dist-packages/colcon_core/task/python/colcon_distutils_commands:/project/ai-drone-ws/install/ai_drone/lib/python3.8/site-packages:${PYTHONPATH} /usr/bin/python3 -W ignore:setup.py install is deprecated -W ignore:easy_install command is deprecated setup.py develop --uninstall --editable --build-directory /project/ai-drone-ws/build/ai_drone/build
[4.704s] Invoking command in '/project/ai-drone-ws/src/ai_drone': PYTHONPATH=/project/ai-drone-ws/build/ai_drone/prefix_override:/usr/lib/python3/dist-packages/colcon_core/task/python/colcon_distutils_commands:/project/ai-drone-ws/install/ai_drone/lib/python3.8/site-packages:${PYTHONPATH} /usr/bin/python3 -W ignore:setup.py install is deprecated -W ignore:easy_install command is deprecated setup.py egg_info --egg-base ../../build/ai_drone build --build-base /project/ai-drone-ws/build/ai_drone/build install --record /project/ai-drone-ws/build/ai_drone/install.log --install-scripts $base/lib/ai_drone --single-version-externally-managed install_data --force
[5.603s] running egg_info
[5.606s] writing ../../build/ai_drone/ai_drone.egg-info/PKG-INFO
[5.607s] writing dependency_links to ../../build/ai_drone/ai_drone.egg-info/dependency_links.txt
[5.607s] writing entry points to ../../build/ai_drone/ai_drone.egg-info/entry_points.txt
[5.608s] writing top-level names to ../../build/ai_drone/ai_drone.egg-info/top_level.txt
[5.779s] reading manifest file '../../build/ai_drone/ai_drone.egg-info/SOURCES.txt'
[5.784s] writing manifest file '../../build/ai_drone/ai_drone.egg-info/SOURCES.txt'
[5.784s] running build
[5.785s] running build_py
[5.785s] creating /project/ai-drone-ws/build/ai_drone/build
[5.786s] creating /project/ai-drone-ws/build/ai_drone/build/lib
[5.786s] creating /project/ai-drone-ws/build/ai_drone/build/lib/ai_drone
[5.787s] copying ai_drone/__init__.py -> /project/ai-drone-ws/build/ai_drone/build/lib/ai_drone
[5.787s] copying ai_drone/flask_streamer.py -> /project/ai-drone-ws/build/ai_drone/build/lib/ai_drone
[5.787s] copying ai_drone/video_acquire_ros2.py -> /project/ai-drone-ws/build/ai_drone/build/lib/ai_drone
[5.788s] copying ai_drone/overlay_node.py -> /project/ai-drone-ws/build/ai_drone/build/lib/ai_drone
[5.788s] copying ai_drone/yolo_trt_node.py -> /project/ai-drone-ws/build/ai_drone/build/lib/ai_drone
[5.788s] copying ai_drone/tracker_node.py -> /project/ai-drone-ws/build/ai_drone/build/lib/ai_drone
[5.789s] running install
[5.792s] running install_lib
[5.796s] creating /project/ai-drone-ws/install/ai_drone/lib/python3.8/site-packages/ai_drone
[5.796s] copying /project/ai-drone-ws/build/ai_drone/build/lib/ai_drone/__init__.py -> /project/ai-drone-ws/install/ai_drone/lib/python3.8/site-packages/ai_drone
[5.796s] copying /project/ai-drone-ws/build/ai_drone/build/lib/ai_drone/flask_streamer.py -> /project/ai-drone-ws/install/ai_drone/lib/python3.8/site-packages/ai_drone
[5.797s] copying /project/ai-drone-ws/build/ai_drone/build/lib/ai_drone/video_acquire_ros2.py -> /project/ai-drone-ws/install/ai_drone/lib/python3.8/site-packages/ai_drone
[5.797s] copying /project/ai-drone-ws/build/ai_drone/build/lib/ai_drone/overlay_node.py -> /project/ai-drone-ws/install/ai_drone/lib/python3.8/site-packages/ai_drone
[5.797s] copying /project/ai-drone-ws/build/ai_drone/build/lib/ai_drone/yolo_trt_node.py -> /project/ai-drone-ws/install/ai_drone/lib/python3.8/site-packages/ai_drone
[5.798s] copying /project/ai-drone-ws/build/ai_drone/build/lib/ai_drone/tracker_node.py -> /project/ai-drone-ws/install/ai_drone/lib/python3.8/site-packages/ai_drone
[5.800s] byte-compiling /project/ai-drone-ws/install/ai_drone/lib/python3.8/site-packages/ai_drone/__init__.py to __init__.cpython-38.pyc
[5.805s] byte-compiling /project/ai-drone-ws/install/ai_drone/lib/python3.8/site-packages/ai_drone/flask_streamer.py to flask_streamer.cpython-38.pyc
[5.808s] byte-compiling /project/ai-drone-ws/install/ai_drone/lib/python3.8/site-packages/ai_drone/video_acquire_ros2.py to video_acquire_ros2.cpython-38.pyc
[5.810s] byte-compiling /project/ai-drone-ws/install/ai_drone/lib/python3.8/site-packages/ai_drone/overlay_node.py to overlay_node.cpython-38.pyc
[5.814s] byte-compiling /project/ai-drone-ws/install/ai_drone/lib/python3.8/site-packages/ai_drone/yolo_trt_node.py to yolo_trt_node.cpython-38.pyc
[5.819s] byte-compiling /project/ai-drone-ws/install/ai_drone/lib/python3.8/site-packages/ai_drone/tracker_node.py to tracker_node.cpython-38.pyc
[5.821s] running install_data
[5.823s] copying resource/ai_drone -> /project/ai-drone-ws/install/ai_drone/share/ament_index/resource_index/packages
[5.825s] copying launch/bringup.launch.py -> /project/ai-drone-ws/install/ai_drone/share/ai_drone/launch
[5.826s] running install_egg_info
[5.833s] Copying ../../build/ai_drone/ai_drone.egg-info to /project/ai-drone-ws/install/ai_drone/lib/python3.8/site-packages/ai_drone-0.1.0-py3.8.egg-info
[5.837s] running install_scripts
[5.901s] Installing flask_streamer script to /project/ai-drone-ws/install/ai_drone/lib/ai_drone
[5.903s] Installing overlay_node script to /project/ai-drone-ws/install/ai_drone/lib/ai_drone
[5.903s] Installing tracker_node script to /project/ai-drone-ws/install/ai_drone/lib/ai_drone
[5.904s] Installing video_acquire_ros2 script to /project/ai-drone-ws/install/ai_drone/lib/ai_drone
[5.904s] Installing yolo_trt_node script to /project/ai-drone-ws/install/ai_drone/lib/ai_drone
[5.906s] writing list of installed files to '/project/ai-drone-ws/build/ai_drone/install.log'
[6.003s] Invoked command in '/project/ai-drone-ws/src/ai_drone' returned '0': PYTHONPATH=/project/ai-drone-ws/build/ai_drone/prefix_override:/usr/lib/python3/dist-packages/colcon_core/task/python/colcon_distutils_commands:/project/ai-drone-ws/install/ai_drone/lib/python3.8/site-packages:${PYTHONPATH} /usr/bin/python3 -W ignore:setup.py install is deprecated -W ignore:easy_install command is deprecated setup.py egg_info --egg-base ../../build/ai_drone build --build-base /project/ai-drone-ws/build/ai_drone/build install --record /project/ai-drone-ws/build/ai_drone/install.log --install-scripts $base/lib/ai_drone --single-version-externally-managed install_data --force
